2021-02-06T14:00:13+00:00 CRITICAL Uncaught ValueError: Path cannot be empty in C:\xampp\htdocs\8bits\wp-admin\includes\class-wp-filesystem-direct.php:66
Stack trace:
#0 C:\xampp\htdocs\8bits\wp-admin\includes\class-wp-filesystem-direct.php(66): fopen('', 'wb')
#1 C:\xampp\htdocs\8bits\wp-content\plugins\astra-sites\inc\classes\class-astra-sites-importer-log.php(255): WP_Filesystem_Direct->put_contents(NULL, '\r\nComplete ', 438)
#2 C:\xampp\htdocs\8bits\wp-content\plugins\astra-sites\inc\classes\class-astra-sites-importer.php(637): Astra_Sites_Importer_Log::add('Complete ')
#3 C:\xampp\htdocs\8bits\wp-includes\class-wp-hook.php(287): Astra_Sites_Importer->after_batch_complete('')
#4 C:\xampp\htdocs\8bits\wp-includes\class-wp-hook.php(311): WP_Hook->apply_filters('', Array)
#5 C:\xampp\htdocs\8bits\wp-includes\plugin.php(484): WP_Hook->do_action(Array)
#6 C:\xampp\htdocs\8bits\wp-content\plugins\astra-sites\inc\importers\batch-processing\helpers\class-wp-background-process-astra.php(64): do_action('astra_sites_ima...')
#7 C:\xampp\htdocs\8bits\wp-content\plugins\woocommerce\includes\libraries\wp-background-process.php(329): WP_Background_Process_Astra->complete()
#8 C:\xampp\htdocs\8bits\wp-content\plugins\woocommerce\includes\libraries\wp-background-process.php(447): WP_Background_Process->handle()
#9 C:\xampp\htdocs\8bits\wp-includes\class-wp-hook.php(287): WP_Background_Process->handle_cron_healthcheck()
#10 C:\xampp\htdocs\8bits\wp-includes\class-wp-hook.php(311): WP_Hook->apply_filters('', Array)
#11 C:\xampp\htdocs\8bits\wp-includes\plugin.php(551): WP_Hook->do_action(Array)
#12 C:\xampp\htdocs\8bits\wp-cron.php(138): do_action_ref_array('wp_image_proces...', Array)
#13 {main}
  thrown in C:\xampp\htdocs\8bits\wp-admin\includes\class-wp-filesystem-direct.php on line 66

2021-02-06T14:03:03+00:00 CRITICAL Uncaught Error: Unknown named parameter $tasks_meta_id in C:\xampp\htdocs\8bits\wp-includes\class-wp-hook.php:287
Stack trace:
#0 C:\xampp\htdocs\8bits\wp-includes\class-wp-hook.php(311): WP_Hook->apply_filters('', Array)
#1 C:\xampp\htdocs\8bits\wp-includes\plugin.php(551): WP_Hook->do_action(Array)
#2 C:\xampp\htdocs\8bits\wp-content\plugins\woocommerce\packages\action-scheduler\classes\actions\ActionScheduler_Action.php(22): do_action_ref_array('wpforms_admin_n...', Array)
#3 C:\xampp\htdocs\8bits\wp-content\plugins\woocommerce\packages\action-scheduler\classes\abstracts\ActionScheduler_Abstract_QueueRunner.php(65): ActionScheduler_Action->execute()
#4 C:\xampp\htdocs\8bits\wp-content\plugins\woocommerce\packages\action-scheduler\classes\ActionScheduler_QueueRunner.php(162): ActionScheduler_Abstract_QueueRunner->process_action(10, 'WP Cron')
#5 C:\xampp\htdocs\8bits\wp-content\plugins\woocommerce\packages\action-scheduler\classes\ActionScheduler_QueueRunner.php(132): ActionScheduler_QueueRunner->do_batch(25, 'WP Cron')
#6 C:\xampp\htdocs\8bits\wp-includes\class-wp-hook.php(287): ActionScheduler_QueueRunner->run('WP Cron')
#7 C:\xampp\htdocs\8bits\wp-includes\class-wp-hook.php(311): WP_Hook->apply_filters('', Array)
#8 C:\xampp\htdocs\8bits\wp-includes\plugin.php(551): WP_Hook->do_action(Array)
#9 C:\xampp\htdocs\8bits\wp-cron.php(138): do_action_ref_array('action_schedule...', Array)
#10 {main}
  thrown in C:\xampp\htdocs\8bits\wp-includes\class-wp-hook.php on line 287

2021-02-06T14:04:17+00:00 CRITICAL Uncaught Error: Unknown named parameter $tasks_meta_id in C:\xampp\htdocs\8bits\wp-includes\class-wp-hook.php:287
Stack trace:
#0 C:\xampp\htdocs\8bits\wp-includes\class-wp-hook.php(311): WP_Hook->apply_filters('', Array)
#1 C:\xampp\htdocs\8bits\wp-includes\plugin.php(551): WP_Hook->do_action(Array)
#2 C:\xampp\htdocs\8bits\wp-content\plugins\woocommerce\packages\action-scheduler\classes\actions\ActionScheduler_Action.php(22): do_action_ref_array('wpforms_admin_n...', Array)
#3 C:\xampp\htdocs\8bits\wp-content\plugins\woocommerce\packages\action-scheduler\classes\abstracts\ActionScheduler_Abstract_QueueRunner.php(65): ActionScheduler_Action->execute()
#4 C:\xampp\htdocs\8bits\wp-content\plugins\woocommerce\packages\action-scheduler\classes\ActionScheduler_QueueRunner.php(162): ActionScheduler_Abstract_QueueRunner->process_action(11, 'WP Cron')
#5 C:\xampp\htdocs\8bits\wp-content\plugins\woocommerce\packages\action-scheduler\classes\ActionScheduler_QueueRunner.php(132): ActionScheduler_QueueRunner->do_batch(25, 'WP Cron')
#6 C:\xampp\htdocs\8bits\wp-includes\class-wp-hook.php(287): ActionScheduler_QueueRunner->run('WP Cron')
#7 C:\xampp\htdocs\8bits\wp-includes\class-wp-hook.php(311): WP_Hook->apply_filters('', Array)
#8 C:\xampp\htdocs\8bits\wp-includes\plugin.php(551): WP_Hook->do_action(Array)
#9 C:\xampp\htdocs\8bits\wp-cron.php(138): do_action_ref_array('action_schedule...', Array)
#10 {main}
  thrown in C:\xampp\htdocs\8bits\wp-includes\class-wp-hook.php on line 287

2021-02-06T14:04:31+00:00 CRITICAL Uncaught Error: Unknown named parameter $tasks_meta_id in C:\xampp\htdocs\8bits\wp-includes\class-wp-hook.php:287
Stack trace:
#0 C:\xampp\htdocs\8bits\wp-includes\class-wp-hook.php(311): WP_Hook->apply_filters('', Array)
#1 C:\xampp\htdocs\8bits\wp-includes\plugin.php(551): WP_Hook->do_action(Array)
#2 C:\xampp\htdocs\8bits\wp-content\plugins\woocommerce\packages\action-scheduler\classes\actions\ActionScheduler_Action.php(22): do_action_ref_array('wpforms_admin_n...', Array)
#3 C:\xampp\htdocs\8bits\wp-content\plugins\woocommerce\packages\action-scheduler\classes\abstracts\ActionScheduler_Abstract_QueueRunner.php(65): ActionScheduler_Action->execute()
#4 C:\xampp\htdocs\8bits\wp-content\plugins\woocommerce\packages\action-scheduler\classes\ActionScheduler_QueueRunner.php(162): ActionScheduler_Abstract_QueueRunner->process_action(12, 'Async Request')
#5 C:\xampp\htdocs\8bits\wp-content\plugins\woocommerce\packages\action-scheduler\classes\ActionScheduler_QueueRunner.php(132): ActionScheduler_QueueRunner->do_batch(25, 'Async Request')
#6 C:\xampp\htdocs\8bits\wp-includes\class-wp-hook.php(287): ActionScheduler_QueueRunner->run('Async Request')
#7 C:\xampp\htdocs\8bits\wp-includes\class-wp-hook.php(311): WP_Hook->apply_filters('', Array)
#8 C:\xampp\htdocs\8bits\wp-includes\plugin.php(484): WP_Hook->do_action(Array)
#9 C:\xampp\htdocs\8bits\wp-content\plugins\woocommerce\packages\action-scheduler\classes\ActionScheduler_AsyncRequest_QueueRunner.php(52): do_action('action_schedule...', 'Async Request')
#10 C:\xampp\htdocs\8bits\wp-content\plugins\woocommerce\includes\libraries\wp-async-request.php(147): ActionScheduler_AsyncRequest_QueueRunner->handle()
#11 C:\xampp\htdocs\8bits\wp-includes\class-wp-hook.php(287): WP_Async_Request->maybe_handle('')
#12 C:\xampp\htdocs\8bits\wp-includes\class-wp-hook.php(311): WP_Hook->apply_filters('', Array)
#13 C:\xampp\htdocs\8bits\wp-includes\plugin.php(484): WP_Hook->do_action(Array)
#14 C:\xampp\htdocs\8bits\wp-admin\admin-ajax.php(184): do_action('wp_ajax_as_asyn...')
#15 {main}
  thrown in C:\xampp\htdocs\8bits\wp-includes\class-wp-hook.php on line 287

2021-02-06T14:05:34+00:00 CRITICAL Uncaught Error: Unknown named parameter $tasks_meta_id in C:\xampp\htdocs\8bits\wp-includes\class-wp-hook.php:287
Stack trace:
#0 C:\xampp\htdocs\8bits\wp-includes\class-wp-hook.php(311): WP_Hook->apply_filters('', Array)
#1 C:\xampp\htdocs\8bits\wp-includes\plugin.php(551): WP_Hook->do_action(Array)
#2 C:\xampp\htdocs\8bits\wp-content\plugins\woocommerce\packages\action-scheduler\classes\actions\ActionScheduler_Action.php(22): do_action_ref_array('wpforms_admin_n...', Array)
#3 C:\xampp\htdocs\8bits\wp-content\plugins\woocommerce\packages\action-scheduler\classes\abstracts\ActionScheduler_Abstract_QueueRunner.php(65): ActionScheduler_Action->execute()
#4 C:\xampp\htdocs\8bits\wp-content\plugins\woocommerce\packages\action-scheduler\classes\ActionScheduler_QueueRunner.php(162): ActionScheduler_Abstract_QueueRunner->process_action(13, 'WP Cron')
#5 C:\xampp\htdocs\8bits\wp-content\plugins\woocommerce\packages\action-scheduler\classes\ActionScheduler_QueueRunner.php(132): ActionScheduler_QueueRunner->do_batch(25, 'WP Cron')
#6 C:\xampp\htdocs\8bits\wp-includes\class-wp-hook.php(287): ActionScheduler_QueueRunner->run('WP Cron')
#7 C:\xampp\htdocs\8bits\wp-includes\class-wp-hook.php(311): WP_Hook->apply_filters('', Array)
#8 C:\xampp\htdocs\8bits\wp-includes\plugin.php(551): WP_Hook->do_action(Array)
#9 C:\xampp\htdocs\8bits\wp-cron.php(138): do_action_ref_array('action_schedule...', Array)
#10 {main}
  thrown in C:\xampp\htdocs\8bits\wp-includes\class-wp-hook.php on line 287

2021-02-06T14:05:36+00:00 CRITICAL Uncaught Error: Unknown named parameter $tasks_meta_id in C:\xampp\htdocs\8bits\wp-includes\class-wp-hook.php:287
Stack trace:
#0 C:\xampp\htdocs\8bits\wp-includes\class-wp-hook.php(311): WP_Hook->apply_filters('', Array)
#1 C:\xampp\htdocs\8bits\wp-includes\plugin.php(551): WP_Hook->do_action(Array)
#2 C:\xampp\htdocs\8bits\wp-content\plugins\woocommerce\packages\action-scheduler\classes\actions\ActionScheduler_Action.php(22): do_action_ref_array('wpforms_admin_n...', Array)
#3 C:\xampp\htdocs\8bits\wp-content\plugins\woocommerce\packages\action-scheduler\classes\abstracts\ActionScheduler_Abstract_QueueRunner.php(65): ActionScheduler_Action->execute()
#4 C:\xampp\htdocs\8bits\wp-content\plugins\woocommerce\packages\action-scheduler\classes\ActionScheduler_QueueRunner.php(162): ActionScheduler_Abstract_QueueRunner->process_action(14, 'Async Request')
#5 C:\xampp\htdocs\8bits\wp-content\plugins\woocommerce\packages\action-scheduler\classes\ActionScheduler_QueueRunner.php(132): ActionScheduler_QueueRunner->do_batch(25, 'Async Request')
#6 C:\xampp\htdocs\8bits\wp-includes\class-wp-hook.php(287): ActionScheduler_QueueRunner->run('Async Request')
#7 C:\xampp\htdocs\8bits\wp-includes\class-wp-hook.php(311): WP_Hook->apply_filters('', Array)
#8 C:\xampp\htdocs\8bits\wp-includes\plugin.php(484): WP_Hook->do_action(Array)
#9 C:\xampp\htdocs\8bits\wp-content\plugins\woocommerce\packages\action-scheduler\classes\ActionScheduler_AsyncRequest_QueueRunner.php(52): do_action('action_schedule...', 'Async Request')
#10 C:\xampp\htdocs\8bits\wp-content\plugins\woocommerce\includes\libraries\wp-async-request.php(147): ActionScheduler_AsyncRequest_QueueRunner->handle()
#11 C:\xampp\htdocs\8bits\wp-includes\class-wp-hook.php(287): WP_Async_Request->maybe_handle('')
#12 C:\xampp\htdocs\8bits\wp-includes\class-wp-hook.php(311): WP_Hook->apply_filters('', Array)
#13 C:\xampp\htdocs\8bits\wp-includes\plugin.php(484): WP_Hook->do_action(Array)
#14 C:\xampp\htdocs\8bits\wp-admin\admin-ajax.php(184): do_action('wp_ajax_as_asyn...')
#15 {main}
  thrown in C:\xampp\htdocs\8bits\wp-includes\class-wp-hook.php on line 287

2021-02-06T14:08:47+00:00 CRITICAL Uncaught Error: Unknown named parameter $tasks_meta_id in C:\xampp\htdocs\8bits\wp-includes\class-wp-hook.php:287
Stack trace:
#0 C:\xampp\htdocs\8bits\wp-includes\class-wp-hook.php(311): WP_Hook->apply_filters('', Array)
#1 C:\xampp\htdocs\8bits\wp-includes\plugin.php(551): WP_Hook->do_action(Array)
#2 C:\xampp\htdocs\8bits\wp-content\plugins\woocommerce\packages\action-scheduler\classes\actions\ActionScheduler_Action.php(22): do_action_ref_array('wpforms_admin_n...', Array)
#3 C:\xampp\htdocs\8bits\wp-content\plugins\woocommerce\packages\action-scheduler\classes\abstracts\ActionScheduler_Abstract_QueueRunner.php(65): ActionScheduler_Action->execute()
#4 C:\xampp\htdocs\8bits\wp-content\plugins\woocommerce\packages\action-scheduler\classes\ActionScheduler_QueueRunner.php(162): ActionScheduler_Abstract_QueueRunner->process_action(15, 'Async Request')
#5 C:\xampp\htdocs\8bits\wp-content\plugins\woocommerce\packages\action-scheduler\classes\ActionScheduler_QueueRunner.php(132): ActionScheduler_QueueRunner->do_batch(25, 'Async Request')
#6 C:\xampp\htdocs\8bits\wp-includes\class-wp-hook.php(287): ActionScheduler_QueueRunner->run('Async Request')
#7 C:\xampp\htdocs\8bits\wp-includes\class-wp-hook.php(311): WP_Hook->apply_filters('', Array)
#8 C:\xampp\htdocs\8bits\wp-includes\plugin.php(484): WP_Hook->do_action(Array)
#9 C:\xampp\htdocs\8bits\wp-content\plugins\woocommerce\packages\action-scheduler\classes\ActionScheduler_AsyncRequest_QueueRunner.php(52): do_action('action_schedule...', 'Async Request')
#10 C:\xampp\htdocs\8bits\wp-content\plugins\woocommerce\includes\libraries\wp-async-request.php(147): ActionScheduler_AsyncRequest_QueueRunner->handle()
#11 C:\xampp\htdocs\8bits\wp-includes\class-wp-hook.php(287): WP_Async_Request->maybe_handle('')
#12 C:\xampp\htdocs\8bits\wp-includes\class-wp-hook.php(311): WP_Hook->apply_filters('', Array)
#13 C:\xampp\htdocs\8bits\wp-includes\plugin.php(484): WP_Hook->do_action(Array)
#14 C:\xampp\htdocs\8bits\wp-admin\admin-ajax.php(184): do_action('wp_ajax_as_asyn...')
#15 {main}
  thrown in C:\xampp\htdocs\8bits\wp-includes\class-wp-hook.php on line 287

2021-02-06T14:09:47+00:00 CRITICAL Uncaught Error: Unknown named parameter $tasks_meta_id in C:\xampp\htdocs\8bits\wp-includes\class-wp-hook.php:287
Stack trace:
#0 C:\xampp\htdocs\8bits\wp-includes\class-wp-hook.php(311): WP_Hook->apply_filters('', Array)
#1 C:\xampp\htdocs\8bits\wp-includes\plugin.php(551): WP_Hook->do_action(Array)
#2 C:\xampp\htdocs\8bits\wp-content\plugins\woocommerce\packages\action-scheduler\classes\actions\ActionScheduler_Action.php(22): do_action_ref_array('wpforms_admin_n...', Array)
#3 C:\xampp\htdocs\8bits\wp-content\plugins\woocommerce\packages\action-scheduler\classes\abstracts\ActionScheduler_Abstract_QueueRunner.php(65): ActionScheduler_Action->execute()
#4 C:\xampp\htdocs\8bits\wp-content\plugins\woocommerce\packages\action-scheduler\classes\ActionScheduler_QueueRunner.php(162): ActionScheduler_Abstract_QueueRunner->process_action(16, 'WP Cron')
#5 C:\xampp\htdocs\8bits\wp-content\plugins\woocommerce\packages\action-scheduler\classes\ActionScheduler_QueueRunner.php(132): ActionScheduler_QueueRunner->do_batch(25, 'WP Cron')
#6 C:\xampp\htdocs\8bits\wp-includes\class-wp-hook.php(287): ActionScheduler_QueueRunner->run('WP Cron')
#7 C:\xampp\htdocs\8bits\wp-includes\class-wp-hook.php(311): WP_Hook->apply_filters('', Array)
#8 C:\xampp\htdocs\8bits\wp-includes\plugin.php(551): WP_Hook->do_action(Array)
#9 C:\xampp\htdocs\8bits\wp-cron.php(138): do_action_ref_array('action_schedule...', Array)
#10 {main}
  thrown in C:\xampp\htdocs\8bits\wp-includes\class-wp-hook.php on line 287

2021-02-06T14:16:10+00:00 CRITICAL Uncaught Error: Unknown named parameter $tasks_meta_id in C:\xampp\htdocs\8bits\wp-includes\class-wp-hook.php:287
Stack trace:
#0 C:\xampp\htdocs\8bits\wp-includes\class-wp-hook.php(311): WP_Hook->apply_filters('', Array)
#1 C:\xampp\htdocs\8bits\wp-includes\plugin.php(551): WP_Hook->do_action(Array)
#2 C:\xampp\htdocs\8bits\wp-content\plugins\woocommerce\packages\action-scheduler\classes\actions\ActionScheduler_Action.php(22): do_action_ref_array('wpforms_admin_n...', Array)
#3 C:\xampp\htdocs\8bits\wp-content\plugins\woocommerce\packages\action-scheduler\classes\abstracts\ActionScheduler_Abstract_QueueRunner.php(65): ActionScheduler_Action->execute()
#4 C:\xampp\htdocs\8bits\wp-content\plugins\woocommerce\packages\action-scheduler\classes\ActionScheduler_QueueRunner.php(162): ActionScheduler_Abstract_QueueRunner->process_action(17, 'Async Request')
#5 C:\xampp\htdocs\8bits\wp-content\plugins\woocommerce\packages\action-scheduler\classes\ActionScheduler_QueueRunner.php(132): ActionScheduler_QueueRunner->do_batch(25, 'Async Request')
#6 C:\xampp\htdocs\8bits\wp-includes\class-wp-hook.php(287): ActionScheduler_QueueRunner->run('Async Request')
#7 C:\xampp\htdocs\8bits\wp-includes\class-wp-hook.php(311): WP_Hook->apply_filters('', Array)
#8 C:\xampp\htdocs\8bits\wp-includes\plugin.php(484): WP_Hook->do_action(Array)
#9 C:\xampp\htdocs\8bits\wp-content\plugins\woocommerce\packages\action-scheduler\classes\ActionScheduler_AsyncRequest_QueueRunner.php(52): do_action('action_schedule...', 'Async Request')
#10 C:\xampp\htdocs\8bits\wp-content\plugins\woocommerce\includes\libraries\wp-async-request.php(147): ActionScheduler_AsyncRequest_QueueRunner->handle()
#11 C:\xampp\htdocs\8bits\wp-includes\class-wp-hook.php(287): WP_Async_Request->maybe_handle('')
#12 C:\xampp\htdocs\8bits\wp-includes\class-wp-hook.php(311): WP_Hook->apply_filters('', Array)
#13 C:\xampp\htdocs\8bits\wp-includes\plugin.php(484): WP_Hook->do_action(Array)
#14 C:\xampp\htdocs\8bits\wp-admin\admin-ajax.php(184): do_action('wp_ajax_as_asyn...')
#15 {main}
  thrown in C:\xampp\htdocs\8bits\wp-includes\class-wp-hook.php on line 287

2021-02-06T14:16:49+00:00 CRITICAL Uncaught Error: Unknown named parameter $tasks_meta_id in C:\xampp\htdocs\8bits\wp-includes\class-wp-hook.php:287
Stack trace:
#0 C:\xampp\htdocs\8bits\wp-includes\class-wp-hook.php(311): WP_Hook->apply_filters('', Array)
#1 C:\xampp\htdocs\8bits\wp-includes\plugin.php(551): WP_Hook->do_action(Array)
#2 C:\xampp\htdocs\8bits\wp-content\plugins\woocommerce\packages\action-scheduler\classes\actions\ActionScheduler_Action.php(22): do_action_ref_array('wpforms_admin_n...', Array)
#3 C:\xampp\htdocs\8bits\wp-content\plugins\woocommerce\packages\action-scheduler\classes\abstracts\ActionScheduler_Abstract_QueueRunner.php(65): ActionScheduler_Action->execute()
#4 C:\xampp\htdocs\8bits\wp-content\plugins\woocommerce\packages\action-scheduler\classes\ActionScheduler_QueueRunner.php(162): ActionScheduler_Abstract_QueueRunner->process_action(18, 'WP Cron')
#5 C:\xampp\htdocs\8bits\wp-content\plugins\woocommerce\packages\action-scheduler\classes\ActionScheduler_QueueRunner.php(132): ActionScheduler_QueueRunner->do_batch(25, 'WP Cron')
#6 C:\xampp\htdocs\8bits\wp-includes\class-wp-hook.php(287): ActionScheduler_QueueRunner->run('WP Cron')
#7 C:\xampp\htdocs\8bits\wp-includes\class-wp-hook.php(311): WP_Hook->apply_filters('', Array)
#8 C:\xampp\htdocs\8bits\wp-includes\plugin.php(551): WP_Hook->do_action(Array)
#9 C:\xampp\htdocs\8bits\wp-cron.php(138): do_action_ref_array('action_schedule...', Array)
#10 {main}
  thrown in C:\xampp\htdocs\8bits\wp-includes\class-wp-hook.php on line 287

2021-02-06T14:20:51+00:00 CRITICAL Uncaught Error: Unknown named parameter $tasks_meta_id in C:\xampp\htdocs\8bits\wp-includes\class-wp-hook.php:287
Stack trace:
#0 C:\xampp\htdocs\8bits\wp-includes\class-wp-hook.php(311): WP_Hook->apply_filters('', Array)
#1 C:\xampp\htdocs\8bits\wp-includes\plugin.php(551): WP_Hook->do_action(Array)
#2 C:\xampp\htdocs\8bits\wp-content\plugins\woocommerce\packages\action-scheduler\classes\actions\ActionScheduler_Action.php(22): do_action_ref_array('wpforms_admin_n...', Array)
#3 C:\xampp\htdocs\8bits\wp-content\plugins\woocommerce\packages\action-scheduler\classes\abstracts\ActionScheduler_Abstract_QueueRunner.php(65): ActionScheduler_Action->execute()
#4 C:\xampp\htdocs\8bits\wp-content\plugins\woocommerce\packages\action-scheduler\classes\ActionScheduler_QueueRunner.php(162): ActionScheduler_Abstract_QueueRunner->process_action(19, 'WP Cron')
#5 C:\xampp\htdocs\8bits\wp-content\plugins\woocommerce\packages\action-scheduler\classes\ActionScheduler_QueueRunner.php(132): ActionScheduler_QueueRunner->do_batch(25, 'WP Cron')
#6 C:\xampp\htdocs\8bits\wp-includes\class-wp-hook.php(287): ActionScheduler_QueueRunner->run('WP Cron')
#7 C:\xampp\htdocs\8bits\wp-includes\class-wp-hook.php(311): WP_Hook->apply_filters('', Array)
#8 C:\xampp\htdocs\8bits\wp-includes\plugin.php(551): WP_Hook->do_action(Array)
#9 C:\xampp\htdocs\8bits\wp-cron.php(138): do_action_ref_array('action_schedule...', Array)
#10 {main}
  thrown in C:\xampp\htdocs\8bits\wp-includes\class-wp-hook.php on line 287

2021-02-06T14:26:47+00:00 CRITICAL Uncaught Error: Unknown named parameter $tasks_meta_id in C:\xampp\htdocs\8bits\wp-includes\class-wp-hook.php:287
Stack trace:
#0 C:\xampp\htdocs\8bits\wp-includes\class-wp-hook.php(311): WP_Hook->apply_filters('', Array)
#1 C:\xampp\htdocs\8bits\wp-includes\plugin.php(551): WP_Hook->do_action(Array)
#2 C:\xampp\htdocs\8bits\wp-content\plugins\woocommerce\packages\action-scheduler\classes\actions\ActionScheduler_Action.php(22): do_action_ref_array('wpforms_admin_n...', Array)
#3 C:\xampp\htdocs\8bits\wp-content\plugins\woocommerce\packages\action-scheduler\classes\abstracts\ActionScheduler_Abstract_QueueRunner.php(65): ActionScheduler_Action->execute()
#4 C:\xampp\htdocs\8bits\wp-content\plugins\woocommerce\packages\action-scheduler\classes\ActionScheduler_QueueRunner.php(162): ActionScheduler_Abstract_QueueRunner->process_action(20, 'WP Cron')
#5 C:\xampp\htdocs\8bits\wp-content\plugins\woocommerce\packages\action-scheduler\classes\ActionScheduler_QueueRunner.php(132): ActionScheduler_QueueRunner->do_batch(25, 'WP Cron')
#6 C:\xampp\htdocs\8bits\wp-includes\class-wp-hook.php(287): ActionScheduler_QueueRunner->run('WP Cron')
#7 C:\xampp\htdocs\8bits\wp-includes\class-wp-hook.php(311): WP_Hook->apply_filters('', Array)
#8 C:\xampp\htdocs\8bits\wp-includes\plugin.php(551): WP_Hook->do_action(Array)
#9 C:\xampp\htdocs\8bits\wp-cron.php(138): do_action_ref_array('action_schedule...', Array)
#10 {main}
  thrown in C:\xampp\htdocs\8bits\wp-includes\class-wp-hook.php on line 287

2021-02-06T14:27:51+00:00 CRITICAL Uncaught Error: Unknown named parameter $tasks_meta_id in C:\xampp\htdocs\8bits\wp-includes\class-wp-hook.php:287
Stack trace:
#0 C:\xampp\htdocs\8bits\wp-includes\class-wp-hook.php(311): WP_Hook->apply_filters('', Array)
#1 C:\xampp\htdocs\8bits\wp-includes\plugin.php(551): WP_Hook->do_action(Array)
#2 C:\xampp\htdocs\8bits\wp-content\plugins\woocommerce\packages\action-scheduler\classes\actions\ActionScheduler_Action.php(22): do_action_ref_array('wpforms_admin_n...', Array)
#3 C:\xampp\htdocs\8bits\wp-content\plugins\woocommerce\packages\action-scheduler\classes\abstracts\ActionScheduler_Abstract_QueueRunner.php(65): ActionScheduler_Action->execute()
#4 C:\xampp\htdocs\8bits\wp-content\plugins\woocommerce\packages\action-scheduler\classes\ActionScheduler_QueueRunner.php(162): ActionScheduler_Abstract_QueueRunner->process_action(21, 'WP Cron')
#5 C:\xampp\htdocs\8bits\wp-content\plugins\woocommerce\packages\action-scheduler\classes\ActionScheduler_QueueRunner.php(132): ActionScheduler_QueueRunner->do_batch(25, 'WP Cron')
#6 C:\xampp\htdocs\8bits\wp-includes\class-wp-hook.php(287): ActionScheduler_QueueRunner->run('WP Cron')
#7 C:\xampp\htdocs\8bits\wp-includes\class-wp-hook.php(311): WP_Hook->apply_filters('', Array)
#8 C:\xampp\htdocs\8bits\wp-includes\plugin.php(551): WP_Hook->do_action(Array)
#9 C:\xampp\htdocs\8bits\wp-cron.php(138): do_action_ref_array('action_schedule...', Array)
#10 {main}
  thrown in C:\xampp\htdocs\8bits\wp-includes\class-wp-hook.php on line 287

2021-02-06T14:28:49+00:00 CRITICAL Uncaught Error: Unknown named parameter $tasks_meta_id in C:\xampp\htdocs\8bits\wp-includes\class-wp-hook.php:287
Stack trace:
#0 C:\xampp\htdocs\8bits\wp-includes\class-wp-hook.php(311): WP_Hook->apply_filters('', Array)
#1 C:\xampp\htdocs\8bits\wp-includes\plugin.php(551): WP_Hook->do_action(Array)
#2 C:\xampp\htdocs\8bits\wp-content\plugins\woocommerce\packages\action-scheduler\classes\actions\ActionScheduler_Action.php(22): do_action_ref_array('wpforms_admin_n...', Array)
#3 C:\xampp\htdocs\8bits\wp-content\plugins\woocommerce\packages\action-scheduler\classes\abstracts\ActionScheduler_Abstract_QueueRunner.php(65): ActionScheduler_Action->execute()
#4 C:\xampp\htdocs\8bits\wp-content\plugins\woocommerce\packages\action-scheduler\classes\ActionScheduler_QueueRunner.php(162): ActionScheduler_Abstract_QueueRunner->process_action(22, 'Async Request')
#5 C:\xampp\htdocs\8bits\wp-content\plugins\woocommerce\packages\action-scheduler\classes\ActionScheduler_QueueRunner.php(132): ActionScheduler_QueueRunner->do_batch(25, 'Async Request')
#6 C:\xampp\htdocs\8bits\wp-includes\class-wp-hook.php(287): ActionScheduler_QueueRunner->run('Async Request')
#7 C:\xampp\htdocs\8bits\wp-includes\class-wp-hook.php(311): WP_Hook->apply_filters('', Array)
#8 C:\xampp\htdocs\8bits\wp-includes\plugin.php(484): WP_Hook->do_action(Array)
#9 C:\xampp\htdocs\8bits\wp-content\plugins\woocommerce\packages\action-scheduler\classes\ActionScheduler_AsyncRequest_QueueRunner.php(52): do_action('action_schedule...', 'Async Request')
#10 C:\xampp\htdocs\8bits\wp-content\plugins\woocommerce\includes\libraries\wp-async-request.php(147): ActionScheduler_AsyncRequest_QueueRunner->handle()
#11 C:\xampp\htdocs\8bits\wp-includes\class-wp-hook.php(287): WP_Async_Request->maybe_handle('')
#12 C:\xampp\htdocs\8bits\wp-includes\class-wp-hook.php(311): WP_Hook->apply_filters('', Array)
#13 C:\xampp\htdocs\8bits\wp-includes\plugin.php(484): WP_Hook->do_action(Array)
#14 C:\xampp\htdocs\8bits\wp-admin\admin-ajax.php(184): do_action('wp_ajax_as_asyn...')
#15 {main}
  thrown in C:\xampp\htdocs\8bits\wp-includes\class-wp-hook.php on line 287

2021-02-06T14:30:10+00:00 CRITICAL Uncaught Error: Unknown named parameter $tasks_meta_id in C:\xampp\htdocs\8bits\wp-includes\class-wp-hook.php:287
Stack trace:
#0 C:\xampp\htdocs\8bits\wp-includes\class-wp-hook.php(311): WP_Hook->apply_filters('', Array)
#1 C:\xampp\htdocs\8bits\wp-includes\plugin.php(551): WP_Hook->do_action(Array)
#2 C:\xampp\htdocs\8bits\wp-content\plugins\woocommerce\packages\action-scheduler\classes\actions\ActionScheduler_Action.php(22): do_action_ref_array('wpforms_admin_n...', Array)
#3 C:\xampp\htdocs\8bits\wp-content\plugins\woocommerce\packages\action-scheduler\classes\abstracts\ActionScheduler_Abstract_QueueRunner.php(65): ActionScheduler_Action->execute()
#4 C:\xampp\htdocs\8bits\wp-content\plugins\woocommerce\packages\action-scheduler\classes\ActionScheduler_QueueRunner.php(162): ActionScheduler_Abstract_QueueRunner->process_action(23, 'WP Cron')
#5 C:\xampp\htdocs\8bits\wp-content\plugins\woocommerce\packages\action-scheduler\classes\ActionScheduler_QueueRunner.php(132): ActionScheduler_QueueRunner->do_batch(25, 'WP Cron')
#6 C:\xampp\htdocs\8bits\wp-includes\class-wp-hook.php(287): ActionScheduler_QueueRunner->run('WP Cron')
#7 C:\xampp\htdocs\8bits\wp-includes\class-wp-hook.php(311): WP_Hook->apply_filters('', Array)
#8 C:\xampp\htdocs\8bits\wp-includes\plugin.php(551): WP_Hook->do_action(Array)
#9 C:\xampp\htdocs\8bits\wp-cron.php(138): do_action_ref_array('action_schedule...', Array)
#10 {main}
  thrown in C:\xampp\htdocs\8bits\wp-includes\class-wp-hook.php on line 287

2021-02-06T14:31:34+00:00 CRITICAL Uncaught Error: Unknown named parameter $tasks_meta_id in C:\xampp\htdocs\8bits\wp-includes\class-wp-hook.php:287
Stack trace:
#0 C:\xampp\htdocs\8bits\wp-includes\class-wp-hook.php(311): WP_Hook->apply_filters('', Array)
#1 C:\xampp\htdocs\8bits\wp-includes\plugin.php(551): WP_Hook->do_action(Array)
#2 C:\xampp\htdocs\8bits\wp-content\plugins\woocommerce\packages\action-scheduler\classes\actions\ActionScheduler_Action.php(22): do_action_ref_array('wpforms_admin_n...', Array)
#3 C:\xampp\htdocs\8bits\wp-content\plugins\woocommerce\packages\action-scheduler\classes\abstracts\ActionScheduler_Abstract_QueueRunner.php(65): ActionScheduler_Action->execute()
#4 C:\xampp\htdocs\8bits\wp-content\plugins\woocommerce\packages\action-scheduler\classes\ActionScheduler_QueueRunner.php(162): ActionScheduler_Abstract_QueueRunner->process_action(24, 'WP Cron')
#5 C:\xampp\htdocs\8bits\wp-content\plugins\woocommerce\packages\action-scheduler\classes\ActionScheduler_QueueRunner.php(132): ActionScheduler_QueueRunner->do_batch(25, 'WP Cron')
#6 C:\xampp\htdocs\8bits\wp-includes\class-wp-hook.php(287): ActionScheduler_QueueRunner->run('WP Cron')
#7 C:\xampp\htdocs\8bits\wp-includes\class-wp-hook.php(311): WP_Hook->apply_filters('', Array)
#8 C:\xampp\htdocs\8bits\wp-includes\plugin.php(551): WP_Hook->do_action(Array)
#9 C:\xampp\htdocs\8bits\wp-cron.php(138): do_action_ref_array('action_schedule...', Array)
#10 {main}
  thrown in C:\xampp\htdocs\8bits\wp-includes\class-wp-hook.php on line 287

2021-02-06T14:49:58+00:00 CRITICAL Uncaught Error: Unknown named parameter $tasks_meta_id in C:\xampp\htdocs\8bits\wp-includes\class-wp-hook.php:287
Stack trace:
#0 C:\xampp\htdocs\8bits\wp-includes\class-wp-hook.php(311): WP_Hook->apply_filters('', Array)
#1 C:\xampp\htdocs\8bits\wp-includes\plugin.php(551): WP_Hook->do_action(Array)
#2 C:\xampp\htdocs\8bits\wp-content\plugins\woocommerce\packages\action-scheduler\classes\actions\ActionScheduler_Action.php(22): do_action_ref_array('wpforms_admin_n...', Array)
#3 C:\xampp\htdocs\8bits\wp-content\plugins\woocommerce\packages\action-scheduler\classes\abstracts\ActionScheduler_Abstract_QueueRunner.php(65): ActionScheduler_Action->execute()
#4 C:\xampp\htdocs\8bits\wp-content\plugins\woocommerce\packages\action-scheduler\classes\ActionScheduler_QueueRunner.php(162): ActionScheduler_Abstract_QueueRunner->process_action(25, 'Async Request')
#5 C:\xampp\htdocs\8bits\wp-content\plugins\woocommerce\packages\action-scheduler\classes\ActionScheduler_QueueRunner.php(132): ActionScheduler_QueueRunner->do_batch(25, 'Async Request')
#6 C:\xampp\htdocs\8bits\wp-includes\class-wp-hook.php(287): ActionScheduler_QueueRunner->run('Async Request')
#7 C:\xampp\htdocs\8bits\wp-includes\class-wp-hook.php(311): WP_Hook->apply_filters('', Array)
#8 C:\xampp\htdocs\8bits\wp-includes\plugin.php(484): WP_Hook->do_action(Array)
#9 C:\xampp\htdocs\8bits\wp-content\plugins\woocommerce\packages\action-scheduler\classes\ActionScheduler_AsyncRequest_QueueRunner.php(52): do_action('action_schedule...', 'Async Request')
#10 C:\xampp\htdocs\8bits\wp-content\plugins\woocommerce\includes\libraries\wp-async-request.php(147): ActionScheduler_AsyncRequest_QueueRunner->handle()
#11 C:\xampp\htdocs\8bits\wp-includes\class-wp-hook.php(287): WP_Async_Request->maybe_handle('')
#12 C:\xampp\htdocs\8bits\wp-includes\class-wp-hook.php(311): WP_Hook->apply_filters('', Array)
#13 C:\xampp\htdocs\8bits\wp-includes\plugin.php(484): WP_Hook->do_action(Array)
#14 C:\xampp\htdocs\8bits\wp-admin\admin-ajax.php(184): do_action('wp_ajax_as_asyn...')
#15 {main}
  thrown in C:\xampp\htdocs\8bits\wp-includes\class-wp-hook.php on line 287

2021-02-06T14:50:48+00:00 CRITICAL Uncaught Error: Unknown named parameter $tasks_meta_id in C:\xampp\htdocs\8bits\wp-includes\class-wp-hook.php:287
Stack trace:
#0 C:\xampp\htdocs\8bits\wp-includes\class-wp-hook.php(311): WP_Hook->apply_filters('', Array)
#1 C:\xampp\htdocs\8bits\wp-includes\plugin.php(551): WP_Hook->do_action(Array)
#2 C:\xampp\htdocs\8bits\wp-content\plugins\woocommerce\packages\action-scheduler\classes\actions\ActionScheduler_Action.php(22): do_action_ref_array('wpforms_admin_n...', Array)
#3 C:\xampp\htdocs\8bits\wp-content\plugins\woocommerce\packages\action-scheduler\classes\abstracts\ActionScheduler_Abstract_QueueRunner.php(65): ActionScheduler_Action->execute()
#4 C:\xampp\htdocs\8bits\wp-content\plugins\woocommerce\packages\action-scheduler\classes\ActionScheduler_QueueRunner.php(162): ActionScheduler_Abstract_QueueRunner->process_action(26, 'WP Cron')
#5 C:\xampp\htdocs\8bits\wp-content\plugins\woocommerce\packages\action-scheduler\classes\ActionScheduler_QueueRunner.php(132): ActionScheduler_QueueRunner->do_batch(25, 'WP Cron')
#6 C:\xampp\htdocs\8bits\wp-includes\class-wp-hook.php(287): ActionScheduler_QueueRunner->run('WP Cron')
#7 C:\xampp\htdocs\8bits\wp-includes\class-wp-hook.php(311): WP_Hook->apply_filters('', Array)
#8 C:\xampp\htdocs\8bits\wp-includes\plugin.php(551): WP_Hook->do_action(Array)
#9 C:\xampp\htdocs\8bits\wp-cron.php(138): do_action_ref_array('action_schedule...', Array)
#10 {main}
  thrown in C:\xampp\htdocs\8bits\wp-includes\class-wp-hook.php on line 287

2021-02-06T14:52:27+00:00 CRITICAL Uncaught Error: Unknown named parameter $tasks_meta_id in C:\xampp\htdocs\8bits\wp-includes\class-wp-hook.php:287
Stack trace:
#0 C:\xampp\htdocs\8bits\wp-includes\class-wp-hook.php(311): WP_Hook->apply_filters('', Array)
#1 C:\xampp\htdocs\8bits\wp-includes\plugin.php(551): WP_Hook->do_action(Array)
#2 C:\xampp\htdocs\8bits\wp-content\plugins\woocommerce\packages\action-scheduler\classes\actions\ActionScheduler_Action.php(22): do_action_ref_array('wpforms_admin_n...', Array)
#3 C:\xampp\htdocs\8bits\wp-content\plugins\woocommerce\packages\action-scheduler\classes\abstracts\ActionScheduler_Abstract_QueueRunner.php(65): ActionScheduler_Action->execute()
#4 C:\xampp\htdocs\8bits\wp-content\plugins\woocommerce\packages\action-scheduler\classes\ActionScheduler_QueueRunner.php(162): ActionScheduler_Abstract_QueueRunner->process_action(27, 'WP Cron')
#5 C:\xampp\htdocs\8bits\wp-content\plugins\woocommerce\packages\action-scheduler\classes\ActionScheduler_QueueRunner.php(132): ActionScheduler_QueueRunner->do_batch(25, 'WP Cron')
#6 C:\xampp\htdocs\8bits\wp-includes\class-wp-hook.php(287): ActionScheduler_QueueRunner->run('WP Cron')
#7 C:\xampp\htdocs\8bits\wp-includes\class-wp-hook.php(311): WP_Hook->apply_filters('', Array)
#8 C:\xampp\htdocs\8bits\wp-includes\plugin.php(551): WP_Hook->do_action(Array)
#9 C:\xampp\htdocs\8bits\wp-cron.php(138): do_action_ref_array('action_schedule...', Array)
#10 {main}
  thrown in C:\xampp\htdocs\8bits\wp-includes\class-wp-hook.php on line 287

2021-02-06T14:52:35+00:00 CRITICAL Uncaught Error: Unknown named parameter $tasks_meta_id in C:\xampp\htdocs\8bits\wp-includes\class-wp-hook.php:287
Stack trace:
#0 C:\xampp\htdocs\8bits\wp-includes\class-wp-hook.php(311): WP_Hook->apply_filters('', Array)
#1 C:\xampp\htdocs\8bits\wp-includes\plugin.php(551): WP_Hook->do_action(Array)
#2 C:\xampp\htdocs\8bits\wp-content\plugins\woocommerce\packages\action-scheduler\classes\actions\ActionScheduler_Action.php(22): do_action_ref_array('wpforms_admin_n...', Array)
#3 C:\xampp\htdocs\8bits\wp-content\plugins\woocommerce\packages\action-scheduler\classes\abstracts\ActionScheduler_Abstract_QueueRunner.php(65): ActionScheduler_Action->execute()
#4 C:\xampp\htdocs\8bits\wp-content\plugins\woocommerce\packages\action-scheduler\classes\ActionScheduler_QueueRunner.php(162): ActionScheduler_Abstract_QueueRunner->process_action(28, 'Async Request')
#5 C:\xampp\htdocs\8bits\wp-content\plugins\woocommerce\packages\action-scheduler\classes\ActionScheduler_QueueRunner.php(132): ActionScheduler_QueueRunner->do_batch(25, 'Async Request')
#6 C:\xampp\htdocs\8bits\wp-includes\class-wp-hook.php(287): ActionScheduler_QueueRunner->run('Async Request')
#7 C:\xampp\htdocs\8bits\wp-includes\class-wp-hook.php(311): WP_Hook->apply_filters('', Array)
#8 C:\xampp\htdocs\8bits\wp-includes\plugin.php(484): WP_Hook->do_action(Array)
#9 C:\xampp\htdocs\8bits\wp-content\plugins\woocommerce\packages\action-scheduler\classes\ActionScheduler_AsyncRequest_QueueRunner.php(52): do_action('action_schedule...', 'Async Request')
#10 C:\xampp\htdocs\8bits\wp-content\plugins\woocommerce\includes\libraries\wp-async-request.php(147): ActionScheduler_AsyncRequest_QueueRunner->handle()
#11 C:\xampp\htdocs\8bits\wp-includes\class-wp-hook.php(287): WP_Async_Request->maybe_handle('')
#12 C:\xampp\htdocs\8bits\wp-includes\class-wp-hook.php(311): WP_Hook->apply_filters('', Array)
#13 C:\xampp\htdocs\8bits\wp-includes\plugin.php(484): WP_Hook->do_action(Array)
#14 C:\xampp\htdocs\8bits\wp-admin\admin-ajax.php(184): do_action('wp_ajax_as_asyn...')
#15 {main}
  thrown in C:\xampp\htdocs\8bits\wp-includes\class-wp-hook.php on line 287

2021-02-06T14:57:45+00:00 CRITICAL Uncaught Error: Unknown named parameter $tasks_meta_id in C:\xampp\htdocs\8bits\wp-includes\class-wp-hook.php:287
Stack trace:
#0 C:\xampp\htdocs\8bits\wp-includes\class-wp-hook.php(311): WP_Hook->apply_filters('', Array)
#1 C:\xampp\htdocs\8bits\wp-includes\plugin.php(551): WP_Hook->do_action(Array)
#2 C:\xampp\htdocs\8bits\wp-content\plugins\woocommerce\packages\action-scheduler\classes\actions\ActionScheduler_Action.php(22): do_action_ref_array('wpforms_admin_n...', Array)
#3 C:\xampp\htdocs\8bits\wp-content\plugins\woocommerce\packages\action-scheduler\classes\abstracts\ActionScheduler_Abstract_QueueRunner.php(65): ActionScheduler_Action->execute()
#4 C:\xampp\htdocs\8bits\wp-content\plugins\woocommerce\packages\action-scheduler\classes\ActionScheduler_QueueRunner.php(162): ActionScheduler_Abstract_QueueRunner->process_action(29, 'WP Cron')
#5 C:\xampp\htdocs\8bits\wp-content\plugins\woocommerce\packages\action-scheduler\classes\ActionScheduler_QueueRunner.php(132): ActionScheduler_QueueRunner->do_batch(25, 'WP Cron')
#6 C:\xampp\htdocs\8bits\wp-includes\class-wp-hook.php(287): ActionScheduler_QueueRunner->run('WP Cron')
#7 C:\xampp\htdocs\8bits\wp-includes\class-wp-hook.php(311): WP_Hook->apply_filters('', Array)
#8 C:\xampp\htdocs\8bits\wp-includes\plugin.php(551): WP_Hook->do_action(Array)
#9 C:\xampp\htdocs\8bits\wp-cron.php(138): do_action_ref_array('action_schedule...', Array)
#10 {main}
  thrown in C:\xampp\htdocs\8bits\wp-includes\class-wp-hook.php on line 287

2021-02-06T15:07:50+00:00 CRITICAL Uncaught Error: Unknown named parameter $tasks_meta_id in C:\xampp\htdocs\8bits\wp-includes\class-wp-hook.php:287
Stack trace:
#0 C:\xampp\htdocs\8bits\wp-includes\class-wp-hook.php(311): WP_Hook->apply_filters('', Array)
#1 C:\xampp\htdocs\8bits\wp-includes\plugin.php(551): WP_Hook->do_action(Array)
#2 C:\xampp\htdocs\8bits\wp-content\plugins\woocommerce\packages\action-scheduler\classes\actions\ActionScheduler_Action.php(22): do_action_ref_array('wpforms_admin_n...', Array)
#3 C:\xampp\htdocs\8bits\wp-content\plugins\woocommerce\packages\action-scheduler\classes\abstracts\ActionScheduler_Abstract_QueueRunner.php(65): ActionScheduler_Action->execute()
#4 C:\xampp\htdocs\8bits\wp-content\plugins\woocommerce\packages\action-scheduler\classes\ActionScheduler_QueueRunner.php(162): ActionScheduler_Abstract_QueueRunner->process_action(30, 'Async Request')
#5 C:\xampp\htdocs\8bits\wp-content\plugins\woocommerce\packages\action-scheduler\classes\ActionScheduler_QueueRunner.php(132): ActionScheduler_QueueRunner->do_batch(25, 'Async Request')
#6 C:\xampp\htdocs\8bits\wp-includes\class-wp-hook.php(287): ActionScheduler_QueueRunner->run('Async Request')
#7 C:\xampp\htdocs\8bits\wp-includes\class-wp-hook.php(311): WP_Hook->apply_filters('', Array)
#8 C:\xampp\htdocs\8bits\wp-includes\plugin.php(484): WP_Hook->do_action(Array)
#9 C:\xampp\htdocs\8bits\wp-content\plugins\woocommerce\packages\action-scheduler\classes\ActionScheduler_AsyncRequest_QueueRunner.php(52): do_action('action_schedule...', 'Async Request')
#10 C:\xampp\htdocs\8bits\wp-content\plugins\woocommerce\includes\libraries\wp-async-request.php(147): ActionScheduler_AsyncRequest_QueueRunner->handle()
#11 C:\xampp\htdocs\8bits\wp-includes\class-wp-hook.php(287): WP_Async_Request->maybe_handle('')
#12 C:\xampp\htdocs\8bits\wp-includes\class-wp-hook.php(311): WP_Hook->apply_filters('', Array)
#13 C:\xampp\htdocs\8bits\wp-includes\plugin.php(484): WP_Hook->do_action(Array)
#14 C:\xampp\htdocs\8bits\wp-admin\admin-ajax.php(184): do_action('wp_ajax_as_asyn...')
#15 {main}
  thrown in C:\xampp\htdocs\8bits\wp-includes\class-wp-hook.php on line 287

2021-02-06T15:16:12+00:00 CRITICAL Uncaught Error: Unknown named parameter $tasks_meta_id in C:\xampp\htdocs\8bits\wp-includes\class-wp-hook.php:287
Stack trace:
#0 C:\xampp\htdocs\8bits\wp-includes\class-wp-hook.php(311): WP_Hook->apply_filters('', Array)
#1 C:\xampp\htdocs\8bits\wp-includes\plugin.php(551): WP_Hook->do_action(Array)
#2 C:\xampp\htdocs\8bits\wp-content\plugins\woocommerce\packages\action-scheduler\classes\actions\ActionScheduler_Action.php(22): do_action_ref_array('wpforms_admin_n...', Array)
#3 C:\xampp\htdocs\8bits\wp-content\plugins\woocommerce\packages\action-scheduler\classes\abstracts\ActionScheduler_Abstract_QueueRunner.php(65): ActionScheduler_Action->execute()
#4 C:\xampp\htdocs\8bits\wp-content\plugins\woocommerce\packages\action-scheduler\classes\ActionScheduler_QueueRunner.php(162): ActionScheduler_Abstract_QueueRunner->process_action(31, 'Async Request')
#5 C:\xampp\htdocs\8bits\wp-content\plugins\woocommerce\packages\action-scheduler\classes\ActionScheduler_QueueRunner.php(132): ActionScheduler_QueueRunner->do_batch(25, 'Async Request')
#6 C:\xampp\htdocs\8bits\wp-includes\class-wp-hook.php(287): ActionScheduler_QueueRunner->run('Async Request')
#7 C:\xampp\htdocs\8bits\wp-includes\class-wp-hook.php(311): WP_Hook->apply_filters('', Array)
#8 C:\xampp\htdocs\8bits\wp-includes\plugin.php(484): WP_Hook->do_action(Array)
#9 C:\xampp\htdocs\8bits\wp-content\plugins\woocommerce\packages\action-scheduler\classes\ActionScheduler_AsyncRequest_QueueRunner.php(52): do_action('action_schedule...', 'Async Request')
#10 C:\xampp\htdocs\8bits\wp-content\plugins\woocommerce\includes\libraries\wp-async-request.php(147): ActionScheduler_AsyncRequest_QueueRunner->handle()
#11 C:\xampp\htdocs\8bits\wp-includes\class-wp-hook.php(287): WP_Async_Request->maybe_handle('')
#12 C:\xampp\htdocs\8bits\wp-includes\class-wp-hook.php(311): WP_Hook->apply_filters('', Array)
#13 C:\xampp\htdocs\8bits\wp-includes\plugin.php(484): WP_Hook->do_action(Array)
#14 C:\xampp\htdocs\8bits\wp-admin\admin-ajax.php(184): do_action('wp_ajax_as_asyn...')
#15 {main}
  thrown in C:\xampp\htdocs\8bits\wp-includes\class-wp-hook.php on line 287

2021-02-06T15:16:50+00:00 CRITICAL Uncaught Error: Unknown named parameter $tasks_meta_id in C:\xampp\htdocs\8bits\wp-includes\class-wp-hook.php:287
Stack trace:
#0 C:\xampp\htdocs\8bits\wp-includes\class-wp-hook.php(311): WP_Hook->apply_filters('', Array)
#1 C:\xampp\htdocs\8bits\wp-includes\plugin.php(551): WP_Hook->do_action(Array)
#2 C:\xampp\htdocs\8bits\wp-content\plugins\woocommerce\packages\action-scheduler\classes\actions\ActionScheduler_Action.php(22): do_action_ref_array('wpforms_admin_n...', Array)
#3 C:\xampp\htdocs\8bits\wp-content\plugins\woocommerce\packages\action-scheduler\classes\abstracts\ActionScheduler_Abstract_QueueRunner.php(65): ActionScheduler_Action->execute()
#4 C:\xampp\htdocs\8bits\wp-content\plugins\woocommerce\packages\action-scheduler\classes\ActionScheduler_QueueRunner.php(162): ActionScheduler_Abstract_QueueRunner->process_action(32, 'WP Cron')
#5 C:\xampp\htdocs\8bits\wp-content\plugins\woocommerce\packages\action-scheduler\classes\ActionScheduler_QueueRunner.php(132): ActionScheduler_QueueRunner->do_batch(25, 'WP Cron')
#6 C:\xampp\htdocs\8bits\wp-includes\class-wp-hook.php(287): ActionScheduler_QueueRunner->run('WP Cron')
#7 C:\xampp\htdocs\8bits\wp-includes\class-wp-hook.php(311): WP_Hook->apply_filters('', Array)
#8 C:\xampp\htdocs\8bits\wp-includes\plugin.php(551): WP_Hook->do_action(Array)
#9 C:\xampp\htdocs\8bits\wp-cron.php(138): do_action_ref_array('action_schedule...', Array)
#10 {main}
  thrown in C:\xampp\htdocs\8bits\wp-includes\class-wp-hook.php on line 287

2021-02-06T15:18:46+00:00 CRITICAL Uncaught Error: Unknown named parameter $tasks_meta_id in C:\xampp\htdocs\8bits\wp-includes\class-wp-hook.php:287
Stack trace:
#0 C:\xampp\htdocs\8bits\wp-includes\class-wp-hook.php(311): WP_Hook->apply_filters('', Array)
#1 C:\xampp\htdocs\8bits\wp-includes\plugin.php(551): WP_Hook->do_action(Array)
#2 C:\xampp\htdocs\8bits\wp-content\plugins\woocommerce\packages\action-scheduler\classes\actions\ActionScheduler_Action.php(22): do_action_ref_array('wpforms_admin_n...', Array)
#3 C:\xampp\htdocs\8bits\wp-content\plugins\woocommerce\packages\action-scheduler\classes\abstracts\ActionScheduler_Abstract_QueueRunner.php(65): ActionScheduler_Action->execute()
#4 C:\xampp\htdocs\8bits\wp-content\plugins\woocommerce\packages\action-scheduler\classes\ActionScheduler_QueueRunner.php(162): ActionScheduler_Abstract_QueueRunner->process_action(33, 'WP Cron')
#5 C:\xampp\htdocs\8bits\wp-content\plugins\woocommerce\packages\action-scheduler\classes\ActionScheduler_QueueRunner.php(132): ActionScheduler_QueueRunner->do_batch(25, 'WP Cron')
#6 C:\xampp\htdocs\8bits\wp-includes\class-wp-hook.php(287): ActionScheduler_QueueRunner->run('WP Cron')
#7 C:\xampp\htdocs\8bits\wp-includes\class-wp-hook.php(311): WP_Hook->apply_filters('', Array)
#8 C:\xampp\htdocs\8bits\wp-includes\plugin.php(551): WP_Hook->do_action(Array)
#9 C:\xampp\htdocs\8bits\wp-cron.php(138): do_action_ref_array('action_schedule...', Array)
#10 {main}
  thrown in C:\xampp\htdocs\8bits\wp-includes\class-wp-hook.php on line 287

2021-02-06T15:18:53+00:00 CRITICAL Uncaught Error: Unknown named parameter $tasks_meta_id in C:\xampp\htdocs\8bits\wp-includes\class-wp-hook.php:287
Stack trace:
#0 C:\xampp\htdocs\8bits\wp-includes\class-wp-hook.php(311): WP_Hook->apply_filters('', Array)
#1 C:\xampp\htdocs\8bits\wp-includes\plugin.php(551): WP_Hook->do_action(Array)
#2 C:\xampp\htdocs\8bits\wp-content\plugins\woocommerce\packages\action-scheduler\classes\actions\ActionScheduler_Action.php(22): do_action_ref_array('wpforms_admin_n...', Array)
#3 C:\xampp\htdocs\8bits\wp-content\plugins\woocommerce\packages\action-scheduler\classes\abstracts\ActionScheduler_Abstract_QueueRunner.php(65): ActionScheduler_Action->execute()
#4 C:\xampp\htdocs\8bits\wp-content\plugins\woocommerce\packages\action-scheduler\classes\ActionScheduler_QueueRunner.php(162): ActionScheduler_Abstract_QueueRunner->process_action(34, 'Async Request')
#5 C:\xampp\htdocs\8bits\wp-content\plugins\woocommerce\packages\action-scheduler\classes\ActionScheduler_QueueRunner.php(132): ActionScheduler_QueueRunner->do_batch(25, 'Async Request')
#6 C:\xampp\htdocs\8bits\wp-includes\class-wp-hook.php(287): ActionScheduler_QueueRunner->run('Async Request')
#7 C:\xampp\htdocs\8bits\wp-includes\class-wp-hook.php(311): WP_Hook->apply_filters('', Array)
#8 C:\xampp\htdocs\8bits\wp-includes\plugin.php(484): WP_Hook->do_action(Array)
#9 C:\xampp\htdocs\8bits\wp-content\plugins\woocommerce\packages\action-scheduler\classes\ActionScheduler_AsyncRequest_QueueRunner.php(52): do_action('action_schedule...', 'Async Request')
#10 C:\xampp\htdocs\8bits\wp-content\plugins\woocommerce\includes\libraries\wp-async-request.php(147): ActionScheduler_AsyncRequest_QueueRunner->handle()
#11 C:\xampp\htdocs\8bits\wp-includes\class-wp-hook.php(287): WP_Async_Request->maybe_handle('')
#12 C:\xampp\htdocs\8bits\wp-includes\class-wp-hook.php(311): WP_Hook->apply_filters('', Array)
#13 C:\xampp\htdocs\8bits\wp-includes\plugin.php(484): WP_Hook->do_action(Array)
#14 C:\xampp\htdocs\8bits\wp-admin\admin-ajax.php(184): do_action('wp_ajax_as_asyn...')
#15 {main}
  thrown in C:\xampp\htdocs\8bits\wp-includes\class-wp-hook.php on line 287

2021-02-06T15:35:52+00:00 CRITICAL Uncaught Error: Unknown named parameter $tasks_meta_id in C:\xampp\htdocs\8bits\wp-includes\class-wp-hook.php:287
Stack trace:
#0 C:\xampp\htdocs\8bits\wp-includes\class-wp-hook.php(311): WP_Hook->apply_filters('', Array)
#1 C:\xampp\htdocs\8bits\wp-includes\plugin.php(551): WP_Hook->do_action(Array)
#2 C:\xampp\htdocs\8bits\wp-content\plugins\woocommerce\packages\action-scheduler\classes\actions\ActionScheduler_Action.php(22): do_action_ref_array('wpforms_admin_n...', Array)
#3 C:\xampp\htdocs\8bits\wp-content\plugins\woocommerce\packages\action-scheduler\classes\abstracts\ActionScheduler_Abstract_QueueRunner.php(65): ActionScheduler_Action->execute()
#4 C:\xampp\htdocs\8bits\wp-content\plugins\woocommerce\packages\action-scheduler\classes\ActionScheduler_QueueRunner.php(162): ActionScheduler_Abstract_QueueRunner->process_action(35, 'WP Cron')
#5 C:\xampp\htdocs\8bits\wp-content\plugins\woocommerce\packages\action-scheduler\classes\ActionScheduler_QueueRunner.php(132): ActionScheduler_QueueRunner->do_batch(25, 'WP Cron')
#6 C:\xampp\htdocs\8bits\wp-includes\class-wp-hook.php(287): ActionScheduler_QueueRunner->run('WP Cron')
#7 C:\xampp\htdocs\8bits\wp-includes\class-wp-hook.php(311): WP_Hook->apply_filters('', Array)
#8 C:\xampp\htdocs\8bits\wp-includes\plugin.php(551): WP_Hook->do_action(Array)
#9 C:\xampp\htdocs\8bits\wp-cron.php(138): do_action_ref_array('action_schedule...', Array)
#10 {main}
  thrown in C:\xampp\htdocs\8bits\wp-includes\class-wp-hook.php on line 287

2021-02-06T15:37:53+00:00 CRITICAL Uncaught Error: Unknown named parameter $tasks_meta_id in C:\xampp\htdocs\8bits\wp-includes\class-wp-hook.php:287
Stack trace:
#0 C:\xampp\htdocs\8bits\wp-includes\class-wp-hook.php(311): WP_Hook->apply_filters('', Array)
#1 C:\xampp\htdocs\8bits\wp-includes\plugin.php(551): WP_Hook->do_action(Array)
#2 C:\xampp\htdocs\8bits\wp-content\plugins\woocommerce\packages\action-scheduler\classes\actions\ActionScheduler_Action.php(22): do_action_ref_array('wpforms_admin_n...', Array)
#3 C:\xampp\htdocs\8bits\wp-content\plugins\woocommerce\packages\action-scheduler\classes\abstracts\ActionScheduler_Abstract_QueueRunner.php(65): ActionScheduler_Action->execute()
#4 C:\xampp\htdocs\8bits\wp-content\plugins\woocommerce\packages\action-scheduler\classes\ActionScheduler_QueueRunner.php(162): ActionScheduler_Abstract_QueueRunner->process_action(36, 'WP Cron')
#5 C:\xampp\htdocs\8bits\wp-content\plugins\woocommerce\packages\action-scheduler\classes\ActionScheduler_QueueRunner.php(132): ActionScheduler_QueueRunner->do_batch(25, 'WP Cron')
#6 C:\xampp\htdocs\8bits\wp-includes\class-wp-hook.php(287): ActionScheduler_QueueRunner->run('WP Cron')
#7 C:\xampp\htdocs\8bits\wp-includes\class-wp-hook.php(311): WP_Hook->apply_filters('', Array)
#8 C:\xampp\htdocs\8bits\wp-includes\plugin.php(551): WP_Hook->do_action(Array)
#9 C:\xampp\htdocs\8bits\wp-cron.php(138): do_action_ref_array('action_schedule...', Array)
#10 {main}
  thrown in C:\xampp\htdocs\8bits\wp-includes\class-wp-hook.php on line 287

2021-02-06T15:40:17+00:00 CRITICAL Uncaught Error: Unknown named parameter $tasks_meta_id in C:\xampp\htdocs\8bits\wp-includes\class-wp-hook.php:287
Stack trace:
#0 C:\xampp\htdocs\8bits\wp-includes\class-wp-hook.php(311): WP_Hook->apply_filters('', Array)
#1 C:\xampp\htdocs\8bits\wp-includes\plugin.php(551): WP_Hook->do_action(Array)
#2 C:\xampp\htdocs\8bits\wp-content\plugins\woocommerce\packages\action-scheduler\classes\actions\ActionScheduler_Action.php(22): do_action_ref_array('wpforms_admin_n...', Array)
#3 C:\xampp\htdocs\8bits\wp-content\plugins\woocommerce\packages\action-scheduler\classes\abstracts\ActionScheduler_Abstract_QueueRunner.php(65): ActionScheduler_Action->execute()
#4 C:\xampp\htdocs\8bits\wp-content\plugins\woocommerce\packages\action-scheduler\classes\ActionScheduler_QueueRunner.php(162): ActionScheduler_Abstract_QueueRunner->process_action(37, 'Async Request')
#5 C:\xampp\htdocs\8bits\wp-content\plugins\woocommerce\packages\action-scheduler\classes\ActionScheduler_QueueRunner.php(132): ActionScheduler_QueueRunner->do_batch(25, 'Async Request')
#6 C:\xampp\htdocs\8bits\wp-includes\class-wp-hook.php(287): ActionScheduler_QueueRunner->run('Async Request')
#7 C:\xampp\htdocs\8bits\wp-includes\class-wp-hook.php(311): WP_Hook->apply_filters('', Array)
#8 C:\xampp\htdocs\8bits\wp-includes\plugin.php(484): WP_Hook->do_action(Array)
#9 C:\xampp\htdocs\8bits\wp-content\plugins\woocommerce\packages\action-scheduler\classes\ActionScheduler_AsyncRequest_QueueRunner.php(52): do_action('action_schedule...', 'Async Request')
#10 C:\xampp\htdocs\8bits\wp-content\plugins\woocommerce\includes\libraries\wp-async-request.php(147): ActionScheduler_AsyncRequest_QueueRunner->handle()
#11 C:\xampp\htdocs\8bits\wp-includes\class-wp-hook.php(287): WP_Async_Request->maybe_handle('')
#12 C:\xampp\htdocs\8bits\wp-includes\class-wp-hook.php(311): WP_Hook->apply_filters('', Array)
#13 C:\xampp\htdocs\8bits\wp-includes\plugin.php(484): WP_Hook->do_action(Array)
#14 C:\xampp\htdocs\8bits\wp-admin\admin-ajax.php(184): do_action('wp_ajax_as_asyn...')
#15 {main}
  thrown in C:\xampp\htdocs\8bits\wp-includes\class-wp-hook.php on line 287

2021-02-06T15:40:50+00:00 CRITICAL Uncaught Error: Unknown named parameter $tasks_meta_id in C:\xampp\htdocs\8bits\wp-includes\class-wp-hook.php:287
Stack trace:
#0 C:\xampp\htdocs\8bits\wp-includes\class-wp-hook.php(311): WP_Hook->apply_filters('', Array)
#1 C:\xampp\htdocs\8bits\wp-includes\plugin.php(551): WP_Hook->do_action(Array)
#2 C:\xampp\htdocs\8bits\wp-content\plugins\woocommerce\packages\action-scheduler\classes\actions\ActionScheduler_Action.php(22): do_action_ref_array('wpforms_admin_n...', Array)
#3 C:\xampp\htdocs\8bits\wp-content\plugins\woocommerce\packages\action-scheduler\classes\abstracts\ActionScheduler_Abstract_QueueRunner.php(65): ActionScheduler_Action->execute()
#4 C:\xampp\htdocs\8bits\wp-content\plugins\woocommerce\packages\action-scheduler\classes\ActionScheduler_QueueRunner.php(162): ActionScheduler_Abstract_QueueRunner->process_action(38, 'WP Cron')
#5 C:\xampp\htdocs\8bits\wp-content\plugins\woocommerce\packages\action-scheduler\classes\ActionScheduler_QueueRunner.php(132): ActionScheduler_QueueRunner->do_batch(25, 'WP Cron')
#6 C:\xampp\htdocs\8bits\wp-includes\class-wp-hook.php(287): ActionScheduler_QueueRunner->run('WP Cron')
#7 C:\xampp\htdocs\8bits\wp-includes\class-wp-hook.php(311): WP_Hook->apply_filters('', Array)
#8 C:\xampp\htdocs\8bits\wp-includes\plugin.php(551): WP_Hook->do_action(Array)
#9 C:\xampp\htdocs\8bits\wp-cron.php(138): do_action_ref_array('action_schedule...', Array)
#10 {main}
  thrown in C:\xampp\htdocs\8bits\wp-includes\class-wp-hook.php on line 287

2021-02-06T15:43:48+00:00 CRITICAL Uncaught Error: Unknown named parameter $tasks_meta_id in C:\xampp\htdocs\8bits\wp-includes\class-wp-hook.php:287
Stack trace:
#0 C:\xampp\htdocs\8bits\wp-includes\class-wp-hook.php(311): WP_Hook->apply_filters('', Array)
#1 C:\xampp\htdocs\8bits\wp-includes\plugin.php(551): WP_Hook->do_action(Array)
#2 C:\xampp\htdocs\8bits\wp-content\plugins\woocommerce\packages\action-scheduler\classes\actions\ActionScheduler_Action.php(22): do_action_ref_array('wpforms_admin_n...', Array)
#3 C:\xampp\htdocs\8bits\wp-content\plugins\woocommerce\packages\action-scheduler\classes\abstracts\ActionScheduler_Abstract_QueueRunner.php(65): ActionScheduler_Action->execute()
#4 C:\xampp\htdocs\8bits\wp-content\plugins\woocommerce\packages\action-scheduler\classes\ActionScheduler_QueueRunner.php(162): ActionScheduler_Abstract_QueueRunner->process_action(39, 'WP Cron')
#5 C:\xampp\htdocs\8bits\wp-content\plugins\woocommerce\packages\action-scheduler\classes\ActionScheduler_QueueRunner.php(132): ActionScheduler_QueueRunner->do_batch(25, 'WP Cron')
#6 C:\xampp\htdocs\8bits\wp-includes\class-wp-hook.php(287): ActionScheduler_QueueRunner->run('WP Cron')
#7 C:\xampp\htdocs\8bits\wp-includes\class-wp-hook.php(311): WP_Hook->apply_filters('', Array)
#8 C:\xampp\htdocs\8bits\wp-includes\plugin.php(551): WP_Hook->do_action(Array)
#9 C:\xampp\htdocs\8bits\wp-cron.php(138): do_action_ref_array('action_schedule...', Array)
#10 {main}
  thrown in C:\xampp\htdocs\8bits\wp-includes\class-wp-hook.php on line 287

2021-02-06T15:45:47+00:00 CRITICAL Uncaught Error: Unknown named parameter $tasks_meta_id in C:\xampp\htdocs\8bits\wp-includes\class-wp-hook.php:287
Stack trace:
#0 C:\xampp\htdocs\8bits\wp-includes\class-wp-hook.php(311): WP_Hook->apply_filters('', Array)
#1 C:\xampp\htdocs\8bits\wp-includes\plugin.php(551): WP_Hook->do_action(Array)
#2 C:\xampp\htdocs\8bits\wp-content\plugins\woocommerce\packages\action-scheduler\classes\actions\ActionScheduler_Action.php(22): do_action_ref_array('wpforms_admin_n...', Array)
#3 C:\xampp\htdocs\8bits\wp-content\plugins\woocommerce\packages\action-scheduler\classes\abstracts\ActionScheduler_Abstract_QueueRunner.php(65): ActionScheduler_Action->execute()
#4 C:\xampp\htdocs\8bits\wp-content\plugins\woocommerce\packages\action-scheduler\classes\ActionScheduler_QueueRunner.php(162): ActionScheduler_Abstract_QueueRunner->process_action(40, 'WP Cron')
#5 C:\xampp\htdocs\8bits\wp-content\plugins\woocommerce\packages\action-scheduler\classes\ActionScheduler_QueueRunner.php(132): ActionScheduler_QueueRunner->do_batch(25, 'WP Cron')
#6 C:\xampp\htdocs\8bits\wp-includes\class-wp-hook.php(287): ActionScheduler_QueueRunner->run('WP Cron')
#7 C:\xampp\htdocs\8bits\wp-includes\class-wp-hook.php(311): WP_Hook->apply_filters('', Array)
#8 C:\xampp\htdocs\8bits\wp-includes\plugin.php(551): WP_Hook->do_action(Array)
#9 C:\xampp\htdocs\8bits\wp-cron.php(138): do_action_ref_array('action_schedule...', Array)
#10 {main}
  thrown in C:\xampp\htdocs\8bits\wp-includes\class-wp-hook.php on line 287

2021-02-06T15:46:49+00:00 CRITICAL Uncaught Error: Unknown named parameter $tasks_meta_id in C:\xampp\htdocs\8bits\wp-includes\class-wp-hook.php:287
Stack trace:
#0 C:\xampp\htdocs\8bits\wp-includes\class-wp-hook.php(311): WP_Hook->apply_filters('', Array)
#1 C:\xampp\htdocs\8bits\wp-includes\plugin.php(551): WP_Hook->do_action(Array)
#2 C:\xampp\htdocs\8bits\wp-content\plugins\woocommerce\packages\action-scheduler\classes\actions\ActionScheduler_Action.php(22): do_action_ref_array('wpforms_admin_n...', Array)
#3 C:\xampp\htdocs\8bits\wp-content\plugins\woocommerce\packages\action-scheduler\classes\abstracts\ActionScheduler_Abstract_QueueRunner.php(65): ActionScheduler_Action->execute()
#4 C:\xampp\htdocs\8bits\wp-content\plugins\woocommerce\packages\action-scheduler\classes\ActionScheduler_QueueRunner.php(162): ActionScheduler_Abstract_QueueRunner->process_action(41, 'WP Cron')
#5 C:\xampp\htdocs\8bits\wp-content\plugins\woocommerce\packages\action-scheduler\classes\ActionScheduler_QueueRunner.php(132): ActionScheduler_QueueRunner->do_batch(25, 'WP Cron')
#6 C:\xampp\htdocs\8bits\wp-includes\class-wp-hook.php(287): ActionScheduler_QueueRunner->run('WP Cron')
#7 C:\xampp\htdocs\8bits\wp-includes\class-wp-hook.php(311): WP_Hook->apply_filters('', Array)
#8 C:\xampp\htdocs\8bits\wp-includes\plugin.php(551): WP_Hook->do_action(Array)
#9 C:\xampp\htdocs\8bits\wp-cron.php(138): do_action_ref_array('action_schedule...', Array)
#10 {main}
  thrown in C:\xampp\htdocs\8bits\wp-includes\class-wp-hook.php on line 287

2021-02-06T15:47:23+00:00 CRITICAL Uncaught Error: Unknown named parameter $tasks_meta_id in C:\xampp\htdocs\8bits\wp-includes\class-wp-hook.php:287
Stack trace:
#0 C:\xampp\htdocs\8bits\wp-includes\class-wp-hook.php(311): WP_Hook->apply_filters('', Array)
#1 C:\xampp\htdocs\8bits\wp-includes\plugin.php(551): WP_Hook->do_action(Array)
#2 C:\xampp\htdocs\8bits\wp-content\plugins\woocommerce\packages\action-scheduler\classes\actions\ActionScheduler_Action.php(22): do_action_ref_array('wpforms_admin_n...', Array)
#3 C:\xampp\htdocs\8bits\wp-content\plugins\woocommerce\packages\action-scheduler\classes\abstracts\ActionScheduler_Abstract_QueueRunner.php(65): ActionScheduler_Action->execute()
#4 C:\xampp\htdocs\8bits\wp-content\plugins\woocommerce\packages\action-scheduler\classes\ActionScheduler_QueueRunner.php(162): ActionScheduler_Abstract_QueueRunner->process_action(42, 'Async Request')
#5 C:\xampp\htdocs\8bits\wp-content\plugins\woocommerce\packages\action-scheduler\classes\ActionScheduler_QueueRunner.php(132): ActionScheduler_QueueRunner->do_batch(25, 'Async Request')
#6 C:\xampp\htdocs\8bits\wp-includes\class-wp-hook.php(287): ActionScheduler_QueueRunner->run('Async Request')
#7 C:\xampp\htdocs\8bits\wp-includes\class-wp-hook.php(311): WP_Hook->apply_filters('', Array)
#8 C:\xampp\htdocs\8bits\wp-includes\plugin.php(484): WP_Hook->do_action(Array)
#9 C:\xampp\htdocs\8bits\wp-content\plugins\woocommerce\packages\action-scheduler\classes\ActionScheduler_AsyncRequest_QueueRunner.php(52): do_action('action_schedule...', 'Async Request')
#10 C:\xampp\htdocs\8bits\wp-content\plugins\woocommerce\includes\libraries\wp-async-request.php(147): ActionScheduler_AsyncRequest_QueueRunner->handle()
#11 C:\xampp\htdocs\8bits\wp-includes\class-wp-hook.php(287): WP_Async_Request->maybe_handle('')
#12 C:\xampp\htdocs\8bits\wp-includes\class-wp-hook.php(311): WP_Hook->apply_filters('', Array)
#13 C:\xampp\htdocs\8bits\wp-includes\plugin.php(484): WP_Hook->do_action(Array)
#14 C:\xampp\htdocs\8bits\wp-admin\admin-ajax.php(184): do_action('wp_ajax_as_asyn...')
#15 {main}
  thrown in C:\xampp\htdocs\8bits\wp-includes\class-wp-hook.php on line 287

2021-02-06T15:48:24+00:00 CRITICAL Uncaught Error: Unknown named parameter $tasks_meta_id in C:\xampp\htdocs\8bits\wp-includes\class-wp-hook.php:287
Stack trace:
#0 C:\xampp\htdocs\8bits\wp-includes\class-wp-hook.php(311): WP_Hook->apply_filters('', Array)
#1 C:\xampp\htdocs\8bits\wp-includes\plugin.php(551): WP_Hook->do_action(Array)
#2 C:\xampp\htdocs\8bits\wp-content\plugins\woocommerce\packages\action-scheduler\classes\actions\ActionScheduler_Action.php(22): do_action_ref_array('wpforms_admin_n...', Array)
#3 C:\xampp\htdocs\8bits\wp-content\plugins\woocommerce\packages\action-scheduler\classes\abstracts\ActionScheduler_Abstract_QueueRunner.php(65): ActionScheduler_Action->execute()
#4 C:\xampp\htdocs\8bits\wp-content\plugins\woocommerce\packages\action-scheduler\classes\ActionScheduler_QueueRunner.php(162): ActionScheduler_Abstract_QueueRunner->process_action(43, 'Async Request')
#5 C:\xampp\htdocs\8bits\wp-content\plugins\woocommerce\packages\action-scheduler\classes\ActionScheduler_QueueRunner.php(132): ActionScheduler_QueueRunner->do_batch(25, 'Async Request')
#6 C:\xampp\htdocs\8bits\wp-includes\class-wp-hook.php(287): ActionScheduler_QueueRunner->run('Async Request')
#7 C:\xampp\htdocs\8bits\wp-includes\class-wp-hook.php(311): WP_Hook->apply_filters('', Array)
#8 C:\xampp\htdocs\8bits\wp-includes\plugin.php(484): WP_Hook->do_action(Array)
#9 C:\xampp\htdocs\8bits\wp-content\plugins\woocommerce\packages\action-scheduler\classes\ActionScheduler_AsyncRequest_QueueRunner.php(52): do_action('action_schedule...', 'Async Request')
#10 C:\xampp\htdocs\8bits\wp-content\plugins\woocommerce\includes\libraries\wp-async-request.php(147): ActionScheduler_AsyncRequest_QueueRunner->handle()
#11 C:\xampp\htdocs\8bits\wp-includes\class-wp-hook.php(287): WP_Async_Request->maybe_handle('')
#12 C:\xampp\htdocs\8bits\wp-includes\class-wp-hook.php(311): WP_Hook->apply_filters('', Array)
#13 C:\xampp\htdocs\8bits\wp-includes\plugin.php(484): WP_Hook->do_action(Array)
#14 C:\xampp\htdocs\8bits\wp-admin\admin-ajax.php(184): do_action('wp_ajax_as_asyn...')
#15 {main}
  thrown in C:\xampp\htdocs\8bits\wp-includes\class-wp-hook.php on line 287

2021-02-06T15:53:30+00:00 CRITICAL Uncaught Error: Unknown named parameter $tasks_meta_id in C:\xampp\htdocs\8bits\wp-includes\class-wp-hook.php:287
Stack trace:
#0 C:\xampp\htdocs\8bits\wp-includes\class-wp-hook.php(311): WP_Hook->apply_filters('', Array)
#1 C:\xampp\htdocs\8bits\wp-includes\plugin.php(551): WP_Hook->do_action(Array)
#2 C:\xampp\htdocs\8bits\wp-content\plugins\woocommerce\packages\action-scheduler\classes\actions\ActionScheduler_Action.php(22): do_action_ref_array('wpforms_admin_n...', Array)
#3 C:\xampp\htdocs\8bits\wp-content\plugins\woocommerce\packages\action-scheduler\classes\abstracts\ActionScheduler_Abstract_QueueRunner.php(65): ActionScheduler_Action->execute()
#4 C:\xampp\htdocs\8bits\wp-content\plugins\woocommerce\packages\action-scheduler\classes\ActionScheduler_QueueRunner.php(162): ActionScheduler_Abstract_QueueRunner->process_action(44, 'Async Request')
#5 C:\xampp\htdocs\8bits\wp-content\plugins\woocommerce\packages\action-scheduler\classes\ActionScheduler_QueueRunner.php(132): ActionScheduler_QueueRunner->do_batch(25, 'Async Request')
#6 C:\xampp\htdocs\8bits\wp-includes\class-wp-hook.php(287): ActionScheduler_QueueRunner->run('Async Request')
#7 C:\xampp\htdocs\8bits\wp-includes\class-wp-hook.php(311): WP_Hook->apply_filters('', Array)
#8 C:\xampp\htdocs\8bits\wp-includes\plugin.php(484): WP_Hook->do_action(Array)
#9 C:\xampp\htdocs\8bits\wp-content\plugins\woocommerce\packages\action-scheduler\classes\ActionScheduler_AsyncRequest_QueueRunner.php(52): do_action('action_schedule...', 'Async Request')
#10 C:\xampp\htdocs\8bits\wp-content\plugins\woocommerce\includes\libraries\wp-async-request.php(147): ActionScheduler_AsyncRequest_QueueRunner->handle()
#11 C:\xampp\htdocs\8bits\wp-includes\class-wp-hook.php(287): WP_Async_Request->maybe_handle('')
#12 C:\xampp\htdocs\8bits\wp-includes\class-wp-hook.php(311): WP_Hook->apply_filters('', Array)
#13 C:\xampp\htdocs\8bits\wp-includes\plugin.php(484): WP_Hook->do_action(Array)
#14 C:\xampp\htdocs\8bits\wp-admin\admin-ajax.php(184): do_action('wp_ajax_as_asyn...')
#15 {main}
  thrown in C:\xampp\htdocs\8bits\wp-includes\class-wp-hook.php on line 287

2021-02-06T15:54:51+00:00 CRITICAL Uncaught Error: Unknown named parameter $tasks_meta_id in C:\xampp\htdocs\8bits\wp-includes\class-wp-hook.php:287
Stack trace:
#0 C:\xampp\htdocs\8bits\wp-includes\class-wp-hook.php(311): WP_Hook->apply_filters('', Array)
#1 C:\xampp\htdocs\8bits\wp-includes\plugin.php(551): WP_Hook->do_action(Array)
#2 C:\xampp\htdocs\8bits\wp-content\plugins\woocommerce\packages\action-scheduler\classes\actions\ActionScheduler_Action.php(22): do_action_ref_array('wpforms_admin_n...', Array)
#3 C:\xampp\htdocs\8bits\wp-content\plugins\woocommerce\packages\action-scheduler\classes\abstracts\ActionScheduler_Abstract_QueueRunner.php(65): ActionScheduler_Action->execute()
#4 C:\xampp\htdocs\8bits\wp-content\plugins\woocommerce\packages\action-scheduler\classes\ActionScheduler_QueueRunner.php(162): ActionScheduler_Abstract_QueueRunner->process_action(45, 'WP Cron')
#5 C:\xampp\htdocs\8bits\wp-content\plugins\woocommerce\packages\action-scheduler\classes\ActionScheduler_QueueRunner.php(132): ActionScheduler_QueueRunner->do_batch(25, 'WP Cron')
#6 C:\xampp\htdocs\8bits\wp-includes\class-wp-hook.php(287): ActionScheduler_QueueRunner->run('WP Cron')
#7 C:\xampp\htdocs\8bits\wp-includes\class-wp-hook.php(311): WP_Hook->apply_filters('', Array)
#8 C:\xampp\htdocs\8bits\wp-includes\plugin.php(551): WP_Hook->do_action(Array)
#9 C:\xampp\htdocs\8bits\wp-cron.php(138): do_action_ref_array('action_schedule...', Array)
#10 {main}
  thrown in C:\xampp\htdocs\8bits\wp-includes\class-wp-hook.php on line 287

2021-02-06T15:55:44+00:00 CRITICAL Uncaught Error: Unknown named parameter $tasks_meta_id in C:\xampp\htdocs\8bits\wp-includes\class-wp-hook.php:287
Stack trace:
#0 C:\xampp\htdocs\8bits\wp-includes\class-wp-hook.php(311): WP_Hook->apply_filters('', Array)
#1 C:\xampp\htdocs\8bits\wp-includes\plugin.php(551): WP_Hook->do_action(Array)
#2 C:\xampp\htdocs\8bits\wp-content\plugins\woocommerce\packages\action-scheduler\classes\actions\ActionScheduler_Action.php(22): do_action_ref_array('wpforms_admin_n...', Array)
#3 C:\xampp\htdocs\8bits\wp-content\plugins\woocommerce\packages\action-scheduler\classes\abstracts\ActionScheduler_Abstract_QueueRunner.php(65): ActionScheduler_Action->execute()
#4 C:\xampp\htdocs\8bits\wp-content\plugins\woocommerce\packages\action-scheduler\classes\ActionScheduler_QueueRunner.php(162): ActionScheduler_Abstract_QueueRunner->process_action(46, 'Async Request')
#5 C:\xampp\htdocs\8bits\wp-content\plugins\woocommerce\packages\action-scheduler\classes\ActionScheduler_QueueRunner.php(132): ActionScheduler_QueueRunner->do_batch(25, 'Async Request')
#6 C:\xampp\htdocs\8bits\wp-includes\class-wp-hook.php(287): ActionScheduler_QueueRunner->run('Async Request')
#7 C:\xampp\htdocs\8bits\wp-includes\class-wp-hook.php(311): WP_Hook->apply_filters('', Array)
#8 C:\xampp\htdocs\8bits\wp-includes\plugin.php(484): WP_Hook->do_action(Array)
#9 C:\xampp\htdocs\8bits\wp-content\plugins\woocommerce\packages\action-scheduler\classes\ActionScheduler_AsyncRequest_QueueRunner.php(52): do_action('action_schedule...', 'Async Request')
#10 C:\xampp\htdocs\8bits\wp-content\plugins\woocommerce\includes\libraries\wp-async-request.php(147): ActionScheduler_AsyncRequest_QueueRunner->handle()
#11 C:\xampp\htdocs\8bits\wp-includes\class-wp-hook.php(287): WP_Async_Request->maybe_handle('')
#12 C:\xampp\htdocs\8bits\wp-includes\class-wp-hook.php(311): WP_Hook->apply_filters('', Array)
#13 C:\xampp\htdocs\8bits\wp-includes\plugin.php(484): WP_Hook->do_action(Array)
#14 C:\xampp\htdocs\8bits\wp-admin\admin-ajax.php(184): do_action('wp_ajax_as_asyn...')
#15 {main}
  thrown in C:\xampp\htdocs\8bits\wp-includes\class-wp-hook.php on line 287

2021-02-06T16:06:28+00:00 CRITICAL Uncaught Error: Unknown named parameter $tasks_meta_id in C:\xampp\htdocs\8bits\wp-includes\class-wp-hook.php:287
Stack trace:
#0 C:\xampp\htdocs\8bits\wp-includes\class-wp-hook.php(311): WP_Hook->apply_filters('', Array)
#1 C:\xampp\htdocs\8bits\wp-includes\plugin.php(551): WP_Hook->do_action(Array)
#2 C:\xampp\htdocs\8bits\wp-content\plugins\woocommerce\packages\action-scheduler\classes\actions\ActionScheduler_Action.php(22): do_action_ref_array('wpforms_admin_n...', Array)
#3 C:\xampp\htdocs\8bits\wp-content\plugins\woocommerce\packages\action-scheduler\classes\abstracts\ActionScheduler_Abstract_QueueRunner.php(65): ActionScheduler_Action->execute()
#4 C:\xampp\htdocs\8bits\wp-content\plugins\woocommerce\packages\action-scheduler\classes\ActionScheduler_QueueRunner.php(162): ActionScheduler_Abstract_QueueRunner->process_action(47, 'Async Request')
#5 C:\xampp\htdocs\8bits\wp-content\plugins\woocommerce\packages\action-scheduler\classes\ActionScheduler_QueueRunner.php(132): ActionScheduler_QueueRunner->do_batch(25, 'Async Request')
#6 C:\xampp\htdocs\8bits\wp-includes\class-wp-hook.php(287): ActionScheduler_QueueRunner->run('Async Request')
#7 C:\xampp\htdocs\8bits\wp-includes\class-wp-hook.php(311): WP_Hook->apply_filters('', Array)
#8 C:\xampp\htdocs\8bits\wp-includes\plugin.php(484): WP_Hook->do_action(Array)
#9 C:\xampp\htdocs\8bits\wp-content\plugins\woocommerce\packages\action-scheduler\classes\ActionScheduler_AsyncRequest_QueueRunner.php(52): do_action('action_schedule...', 'Async Request')
#10 C:\xampp\htdocs\8bits\wp-content\plugins\woocommerce\includes\libraries\wp-async-request.php(147): ActionScheduler_AsyncRequest_QueueRunner->handle()
#11 C:\xampp\htdocs\8bits\wp-includes\class-wp-hook.php(287): WP_Async_Request->maybe_handle('')
#12 C:\xampp\htdocs\8bits\wp-includes\class-wp-hook.php(311): WP_Hook->apply_filters('', Array)
#13 C:\xampp\htdocs\8bits\wp-includes\plugin.php(484): WP_Hook->do_action(Array)
#14 C:\xampp\htdocs\8bits\wp-admin\admin-ajax.php(184): do_action('wp_ajax_as_asyn...')
#15 {main}
  thrown in C:\xampp\htdocs\8bits\wp-includes\class-wp-hook.php on line 287

2021-02-06T16:07:38+00:00 CRITICAL Uncaught Error: Unknown named parameter $tasks_meta_id in C:\xampp\htdocs\8bits\wp-includes\class-wp-hook.php:287
Stack trace:
#0 C:\xampp\htdocs\8bits\wp-includes\class-wp-hook.php(311): WP_Hook->apply_filters('', Array)
#1 C:\xampp\htdocs\8bits\wp-includes\plugin.php(551): WP_Hook->do_action(Array)
#2 C:\xampp\htdocs\8bits\wp-content\plugins\woocommerce\packages\action-scheduler\classes\actions\ActionScheduler_Action.php(22): do_action_ref_array('wpforms_admin_n...', Array)
#3 C:\xampp\htdocs\8bits\wp-content\plugins\woocommerce\packages\action-scheduler\classes\abstracts\ActionScheduler_Abstract_QueueRunner.php(65): ActionScheduler_Action->execute()
#4 C:\xampp\htdocs\8bits\wp-content\plugins\woocommerce\packages\action-scheduler\classes\ActionScheduler_QueueRunner.php(162): ActionScheduler_Abstract_QueueRunner->process_action(48, 'WP Cron')
#5 C:\xampp\htdocs\8bits\wp-content\plugins\woocommerce\packages\action-scheduler\classes\ActionScheduler_QueueRunner.php(132): ActionScheduler_QueueRunner->do_batch(25, 'WP Cron')
#6 C:\xampp\htdocs\8bits\wp-includes\class-wp-hook.php(287): ActionScheduler_QueueRunner->run('WP Cron')
#7 C:\xampp\htdocs\8bits\wp-includes\class-wp-hook.php(311): WP_Hook->apply_filters('', Array)
#8 C:\xampp\htdocs\8bits\wp-includes\plugin.php(551): WP_Hook->do_action(Array)
#9 C:\xampp\htdocs\8bits\wp-cron.php(138): do_action_ref_array('action_schedule...', Array)
#10 {main}
  thrown in C:\xampp\htdocs\8bits\wp-includes\class-wp-hook.php on line 287

2021-02-06T16:08:38+00:00 CRITICAL Uncaught Error: Unknown named parameter $tasks_meta_id in C:\xampp\htdocs\8bits\wp-includes\class-wp-hook.php:287
Stack trace:
#0 C:\xampp\htdocs\8bits\wp-includes\class-wp-hook.php(311): WP_Hook->apply_filters('', Array)
#1 C:\xampp\htdocs\8bits\wp-includes\plugin.php(551): WP_Hook->do_action(Array)
#2 C:\xampp\htdocs\8bits\wp-content\plugins\woocommerce\packages\action-scheduler\classes\actions\ActionScheduler_Action.php(22): do_action_ref_array('wpforms_admin_n...', Array)
#3 C:\xampp\htdocs\8bits\wp-content\plugins\woocommerce\packages\action-scheduler\classes\abstracts\ActionScheduler_Abstract_QueueRunner.php(65): ActionScheduler_Action->execute()
#4 C:\xampp\htdocs\8bits\wp-content\plugins\woocommerce\packages\action-scheduler\classes\ActionScheduler_QueueRunner.php(162): ActionScheduler_Abstract_QueueRunner->process_action(49, 'WP Cron')
#5 C:\xampp\htdocs\8bits\wp-content\plugins\woocommerce\packages\action-scheduler\classes\ActionScheduler_QueueRunner.php(132): ActionScheduler_QueueRunner->do_batch(25, 'WP Cron')
#6 C:\xampp\htdocs\8bits\wp-includes\class-wp-hook.php(287): ActionScheduler_QueueRunner->run('WP Cron')
#7 C:\xampp\htdocs\8bits\wp-includes\class-wp-hook.php(311): WP_Hook->apply_filters('', Array)
#8 C:\xampp\htdocs\8bits\wp-includes\plugin.php(551): WP_Hook->do_action(Array)
#9 C:\xampp\htdocs\8bits\wp-cron.php(138): do_action_ref_array('action_schedule...', Array)
#10 {main}
  thrown in C:\xampp\htdocs\8bits\wp-includes\class-wp-hook.php on line 287

2021-02-06T16:13:10+00:00 CRITICAL Uncaught Error: Unknown named parameter $tasks_meta_id in C:\xampp\htdocs\8bits\wp-includes\class-wp-hook.php:287
Stack trace:
#0 C:\xampp\htdocs\8bits\wp-includes\class-wp-hook.php(311): WP_Hook->apply_filters('', Array)
#1 C:\xampp\htdocs\8bits\wp-includes\plugin.php(551): WP_Hook->do_action(Array)
#2 C:\xampp\htdocs\8bits\wp-content\plugins\woocommerce\packages\action-scheduler\classes\actions\ActionScheduler_Action.php(22): do_action_ref_array('wpforms_admin_n...', Array)
#3 C:\xampp\htdocs\8bits\wp-content\plugins\woocommerce\packages\action-scheduler\classes\abstracts\ActionScheduler_Abstract_QueueRunner.php(65): ActionScheduler_Action->execute()
#4 C:\xampp\htdocs\8bits\wp-content\plugins\woocommerce\packages\action-scheduler\classes\ActionScheduler_QueueRunner.php(162): ActionScheduler_Abstract_QueueRunner->process_action(50, 'Async Request')
#5 C:\xampp\htdocs\8bits\wp-content\plugins\woocommerce\packages\action-scheduler\classes\ActionScheduler_QueueRunner.php(132): ActionScheduler_QueueRunner->do_batch(25, 'Async Request')
#6 C:\xampp\htdocs\8bits\wp-includes\class-wp-hook.php(287): ActionScheduler_QueueRunner->run('Async Request')
#7 C:\xampp\htdocs\8bits\wp-includes\class-wp-hook.php(311): WP_Hook->apply_filters('', Array)
#8 C:\xampp\htdocs\8bits\wp-includes\plugin.php(484): WP_Hook->do_action(Array)
#9 C:\xampp\htdocs\8bits\wp-content\plugins\woocommerce\packages\action-scheduler\classes\ActionScheduler_AsyncRequest_QueueRunner.php(52): do_action('action_schedule...', 'Async Request')
#10 C:\xampp\htdocs\8bits\wp-content\plugins\woocommerce\includes\libraries\wp-async-request.php(147): ActionScheduler_AsyncRequest_QueueRunner->handle()
#11 C:\xampp\htdocs\8bits\wp-includes\class-wp-hook.php(287): WP_Async_Request->maybe_handle('')
#12 C:\xampp\htdocs\8bits\wp-includes\class-wp-hook.php(311): WP_Hook->apply_filters('', Array)
#13 C:\xampp\htdocs\8bits\wp-includes\plugin.php(484): WP_Hook->do_action(Array)
#14 C:\xampp\htdocs\8bits\wp-admin\admin-ajax.php(184): do_action('wp_ajax_as_asyn...')
#15 {main}
  thrown in C:\xampp\htdocs\8bits\wp-includes\class-wp-hook.php on line 287

2021-02-06T16:14:34+00:00 CRITICAL Uncaught Error: Unknown named parameter $tasks_meta_id in C:\xampp\htdocs\8bits\wp-includes\class-wp-hook.php:287
Stack trace:
#0 C:\xampp\htdocs\8bits\wp-includes\class-wp-hook.php(311): WP_Hook->apply_filters('', Array)
#1 C:\xampp\htdocs\8bits\wp-includes\plugin.php(551): WP_Hook->do_action(Array)
#2 C:\xampp\htdocs\8bits\wp-content\plugins\woocommerce\packages\action-scheduler\classes\actions\ActionScheduler_Action.php(22): do_action_ref_array('wpforms_admin_n...', Array)
#3 C:\xampp\htdocs\8bits\wp-content\plugins\woocommerce\packages\action-scheduler\classes\abstracts\ActionScheduler_Abstract_QueueRunner.php(65): ActionScheduler_Action->execute()
#4 C:\xampp\htdocs\8bits\wp-content\plugins\woocommerce\packages\action-scheduler\classes\ActionScheduler_QueueRunner.php(162): ActionScheduler_Abstract_QueueRunner->process_action(51, 'WP Cron')
#5 C:\xampp\htdocs\8bits\wp-content\plugins\woocommerce\packages\action-scheduler\classes\ActionScheduler_QueueRunner.php(132): ActionScheduler_QueueRunner->do_batch(25, 'WP Cron')
#6 C:\xampp\htdocs\8bits\wp-includes\class-wp-hook.php(287): ActionScheduler_QueueRunner->run('WP Cron')
#7 C:\xampp\htdocs\8bits\wp-includes\class-wp-hook.php(311): WP_Hook->apply_filters('', Array)
#8 C:\xampp\htdocs\8bits\wp-includes\plugin.php(551): WP_Hook->do_action(Array)
#9 C:\xampp\htdocs\8bits\wp-cron.php(138): do_action_ref_array('action_schedule...', Array)
#10 {main}
  thrown in C:\xampp\htdocs\8bits\wp-includes\class-wp-hook.php on line 287

2021-02-06T16:15:42+00:00 CRITICAL Uncaught Error: Unknown named parameter $tasks_meta_id in C:\xampp\htdocs\8bits\wp-includes\class-wp-hook.php:287
Stack trace:
#0 C:\xampp\htdocs\8bits\wp-includes\class-wp-hook.php(311): WP_Hook->apply_filters('', Array)
#1 C:\xampp\htdocs\8bits\wp-includes\plugin.php(551): WP_Hook->do_action(Array)
#2 C:\xampp\htdocs\8bits\wp-content\plugins\woocommerce\packages\action-scheduler\classes\actions\ActionScheduler_Action.php(22): do_action_ref_array('wpforms_admin_n...', Array)
#3 C:\xampp\htdocs\8bits\wp-content\plugins\woocommerce\packages\action-scheduler\classes\abstracts\ActionScheduler_Abstract_QueueRunner.php(65): ActionScheduler_Action->execute()
#4 C:\xampp\htdocs\8bits\wp-content\plugins\woocommerce\packages\action-scheduler\classes\ActionScheduler_QueueRunner.php(162): ActionScheduler_Abstract_QueueRunner->process_action(52, 'Async Request')
#5 C:\xampp\htdocs\8bits\wp-content\plugins\woocommerce\packages\action-scheduler\classes\ActionScheduler_QueueRunner.php(132): ActionScheduler_QueueRunner->do_batch(25, 'Async Request')
#6 C:\xampp\htdocs\8bits\wp-includes\class-wp-hook.php(287): ActionScheduler_QueueRunner->run('Async Request')
#7 C:\xampp\htdocs\8bits\wp-includes\class-wp-hook.php(311): WP_Hook->apply_filters('', Array)
#8 C:\xampp\htdocs\8bits\wp-includes\plugin.php(484): WP_Hook->do_action(Array)
#9 C:\xampp\htdocs\8bits\wp-content\plugins\woocommerce\packages\action-scheduler\classes\ActionScheduler_AsyncRequest_QueueRunner.php(52): do_action('action_schedule...', 'Async Request')
#10 C:\xampp\htdocs\8bits\wp-content\plugins\woocommerce\includes\libraries\wp-async-request.php(147): ActionScheduler_AsyncRequest_QueueRunner->handle()
#11 C:\xampp\htdocs\8bits\wp-includes\class-wp-hook.php(287): WP_Async_Request->maybe_handle('')
#12 C:\xampp\htdocs\8bits\wp-includes\class-wp-hook.php(311): WP_Hook->apply_filters('', Array)
#13 C:\xampp\htdocs\8bits\wp-includes\plugin.php(484): WP_Hook->do_action(Array)
#14 C:\xampp\htdocs\8bits\wp-admin\admin-ajax.php(184): do_action('wp_ajax_as_asyn...')
#15 {main}
  thrown in C:\xampp\htdocs\8bits\wp-includes\class-wp-hook.php on line 287

2021-02-06T16:16:41+00:00 CRITICAL Uncaught Error: Unknown named parameter $tasks_meta_id in C:\xampp\htdocs\8bits\wp-includes\class-wp-hook.php:287
Stack trace:
#0 C:\xampp\htdocs\8bits\wp-includes\class-wp-hook.php(311): WP_Hook->apply_filters('', Array)
#1 C:\xampp\htdocs\8bits\wp-includes\plugin.php(551): WP_Hook->do_action(Array)
#2 C:\xampp\htdocs\8bits\wp-content\plugins\woocommerce\packages\action-scheduler\classes\actions\ActionScheduler_Action.php(22): do_action_ref_array('wpforms_admin_n...', Array)
#3 C:\xampp\htdocs\8bits\wp-content\plugins\woocommerce\packages\action-scheduler\classes\abstracts\ActionScheduler_Abstract_QueueRunner.php(65): ActionScheduler_Action->execute()
#4 C:\xampp\htdocs\8bits\wp-content\plugins\woocommerce\packages\action-scheduler\classes\ActionScheduler_QueueRunner.php(162): ActionScheduler_Abstract_QueueRunner->process_action(53, 'Async Request')
#5 C:\xampp\htdocs\8bits\wp-content\plugins\woocommerce\packages\action-scheduler\classes\ActionScheduler_QueueRunner.php(132): ActionScheduler_QueueRunner->do_batch(25, 'Async Request')
#6 C:\xampp\htdocs\8bits\wp-includes\class-wp-hook.php(287): ActionScheduler_QueueRunner->run('Async Request')
#7 C:\xampp\htdocs\8bits\wp-includes\class-wp-hook.php(311): WP_Hook->apply_filters('', Array)
#8 C:\xampp\htdocs\8bits\wp-includes\plugin.php(484): WP_Hook->do_action(Array)
#9 C:\xampp\htdocs\8bits\wp-content\plugins\woocommerce\packages\action-scheduler\classes\ActionScheduler_AsyncRequest_QueueRunner.php(52): do_action('action_schedule...', 'Async Request')
#10 C:\xampp\htdocs\8bits\wp-content\plugins\woocommerce\includes\libraries\wp-async-request.php(147): ActionScheduler_AsyncRequest_QueueRunner->handle()
#11 C:\xampp\htdocs\8bits\wp-includes\class-wp-hook.php(287): WP_Async_Request->maybe_handle('')
#12 C:\xampp\htdocs\8bits\wp-includes\class-wp-hook.php(311): WP_Hook->apply_filters('', Array)
#13 C:\xampp\htdocs\8bits\wp-includes\plugin.php(484): WP_Hook->do_action(Array)
#14 C:\xampp\htdocs\8bits\wp-admin\admin-ajax.php(184): do_action('wp_ajax_as_asyn...')
#15 {main}
  thrown in C:\xampp\htdocs\8bits\wp-includes\class-wp-hook.php on line 287

2021-02-06T16:20:03+00:00 CRITICAL Uncaught Error: Unknown named parameter $tasks_meta_id in C:\xampp\htdocs\8bits\wp-includes\class-wp-hook.php:287
Stack trace:
#0 C:\xampp\htdocs\8bits\wp-includes\class-wp-hook.php(311): WP_Hook->apply_filters('', Array)
#1 C:\xampp\htdocs\8bits\wp-includes\plugin.php(551): WP_Hook->do_action(Array)
#2 C:\xampp\htdocs\8bits\wp-content\plugins\woocommerce\packages\action-scheduler\classes\actions\ActionScheduler_Action.php(22): do_action_ref_array('wpforms_admin_n...', Array)
#3 C:\xampp\htdocs\8bits\wp-content\plugins\woocommerce\packages\action-scheduler\classes\abstracts\ActionScheduler_Abstract_QueueRunner.php(65): ActionScheduler_Action->execute()
#4 C:\xampp\htdocs\8bits\wp-content\plugins\woocommerce\packages\action-scheduler\classes\ActionScheduler_QueueRunner.php(162): ActionScheduler_Abstract_QueueRunner->process_action(54, 'Async Request')
#5 C:\xampp\htdocs\8bits\wp-content\plugins\woocommerce\packages\action-scheduler\classes\ActionScheduler_QueueRunner.php(132): ActionScheduler_QueueRunner->do_batch(25, 'Async Request')
#6 C:\xampp\htdocs\8bits\wp-includes\class-wp-hook.php(287): ActionScheduler_QueueRunner->run('Async Request')
#7 C:\xampp\htdocs\8bits\wp-includes\class-wp-hook.php(311): WP_Hook->apply_filters('', Array)
#8 C:\xampp\htdocs\8bits\wp-includes\plugin.php(484): WP_Hook->do_action(Array)
#9 C:\xampp\htdocs\8bits\wp-content\plugins\woocommerce\packages\action-scheduler\classes\ActionScheduler_AsyncRequest_QueueRunner.php(52): do_action('action_schedule...', 'Async Request')
#10 C:\xampp\htdocs\8bits\wp-content\plugins\woocommerce\includes\libraries\wp-async-request.php(147): ActionScheduler_AsyncRequest_QueueRunner->handle()
#11 C:\xampp\htdocs\8bits\wp-includes\class-wp-hook.php(287): WP_Async_Request->maybe_handle('')
#12 C:\xampp\htdocs\8bits\wp-includes\class-wp-hook.php(311): WP_Hook->apply_filters('', Array)
#13 C:\xampp\htdocs\8bits\wp-includes\plugin.php(484): WP_Hook->do_action(Array)
#14 C:\xampp\htdocs\8bits\wp-admin\admin-ajax.php(184): do_action('wp_ajax_as_asyn...')
#15 {main}
  thrown in C:\xampp\htdocs\8bits\wp-includes\class-wp-hook.php on line 287

